{"/Users/nemolangels/Library/CloudStorage/OneDrive-Uppsalauniversitet/Pluggmappen/PkDProjekt/main.js": {"path":"/Users/nemolangels/Library/CloudStorage/OneDrive-Uppsalauniversitet/Pluggmappen/PkDProjekt/main.js","statementMap":{"0":{"start":{"line":2,"column":0},"end":{"line":2,"column":62}},"1":{"start":{"line":3,"column":0},"end":{"line":3,"column":48}},"2":{"start":{"line":4,"column":0},"end":{"line":4,"column":42}},"3":{"start":{"line":5,"column":0},"end":{"line":5,"column":60}},"4":{"start":{"line":6,"column":0},"end":{"line":6,"column":22}},"5":{"start":{"line":8,"column":13},"end":{"line":8,"column":30}},"6":{"start":{"line":9,"column":13},"end":{"line":9,"column":34}},"7":{"start":{"line":10,"column":20},"end":{"line":10,"column":48}},"8":{"start":{"line":11,"column":17},"end":{"line":11,"column":39}},"9":{"start":{"line":12,"column":13},"end":{"line":12,"column":14}},"10":{"start":{"line":13,"column":13},"end":{"line":13,"column":14}},"11":{"start":{"line":14,"column":16},"end":{"line":14,"column":57}},"12":{"start":{"line":16,"column":4},"end":{"line":22,"column":5}},"13":{"start":{"line":16,"column":17},"end":{"line":16,"column":18}},"14":{"start":{"line":17,"column":18},"end":{"line":17,"column":20}},"15":{"start":{"line":18,"column":8},"end":{"line":20,"column":9}},"16":{"start":{"line":18,"column":21},"end":{"line":18,"column":22}},"17":{"start":{"line":19,"column":12},"end":{"line":19,"column":44}},"18":{"start":{"line":21,"column":8},"end":{"line":21,"column":25}},"19":{"start":{"line":32,"column":12},"end":{"line":32,"column":17}},"20":{"start":{"line":32,"column":23},"end":{"line":32,"column":28}},"21":{"start":{"line":33,"column":25},"end":{"line":38,"column":49}},"22":{"start":{"line":38,"column":28},"end":{"line":38,"column":46}},"23":{"start":{"line":39,"column":4},"end":{"line":39,"column":26}},"24":{"start":{"line":49,"column":12},"end":{"line":49,"column":17}},"25":{"start":{"line":49,"column":23},"end":{"line":49,"column":28}},"26":{"start":{"line":50,"column":25},"end":{"line":50,"column":55}},"27":{"start":{"line":51,"column":4},"end":{"line":57,"column":5}},"28":{"start":{"line":51,"column":17},"end":{"line":51,"column":18}},"29":{"start":{"line":52,"column":8},"end":{"line":56,"column":9}},"30":{"start":{"line":54,"column":12},"end":{"line":54,"column":54}},"31":{"start":{"line":55,"column":12},"end":{"line":55,"column":126}},"32":{"start":{"line":58,"column":4},"end":{"line":58,"column":26}},"33":{"start":{"line":62,"column":18},"end":{"line":62,"column":29}},"34":{"start":{"line":63,"column":18},"end":{"line":63,"column":29}},"35":{"start":{"line":64,"column":4},"end":{"line":70,"column":5}},"36":{"start":{"line":64,"column":17},"end":{"line":64,"column":18}},"37":{"start":{"line":65,"column":8},"end":{"line":69,"column":9}},"38":{"start":{"line":65,"column":21},"end":{"line":65,"column":22}},"39":{"start":{"line":66,"column":12},"end":{"line":68,"column":13}},"40":{"start":{"line":67,"column":16},"end":{"line":67,"column":51}},"41":{"start":{"line":71,"column":4},"end":{"line":75,"column":5}},"42":{"start":{"line":71,"column":17},"end":{"line":71,"column":18}},"43":{"start":{"line":72,"column":8},"end":{"line":74,"column":9}},"44":{"start":{"line":73,"column":12},"end":{"line":73,"column":31}},"45":{"start":{"line":76,"column":4},"end":{"line":76,"column":16}},"46":{"start":{"line":85,"column":17},"end":{"line":85,"column":18}},"47":{"start":{"line":86,"column":4},"end":{"line":100,"column":5}},"48":{"start":{"line":86,"column":17},"end":{"line":86,"column":18}},"49":{"start":{"line":87,"column":8},"end":{"line":99,"column":9}},"50":{"start":{"line":87,"column":21},"end":{"line":87,"column":22}},"51":{"start":{"line":88,"column":35},"end":{"line":88,"column":88}},"52":{"start":{"line":89,"column":12},"end":{"line":97,"column":13}},"53":{"start":{"line":90,"column":16},"end":{"line":90,"column":74}},"54":{"start":{"line":92,"column":17},"end":{"line":97,"column":13}},"55":{"start":{"line":93,"column":16},"end":{"line":93,"column":75}},"56":{"start":{"line":95,"column":17},"end":{"line":97,"column":13}},"57":{"start":{"line":96,"column":16},"end":{"line":96,"column":77}},"58":{"start":{"line":101,"column":4},"end":{"line":101,"column":18}},"59":{"start":{"line":105,"column":12},"end":{"line":105,"column":17}},"60":{"start":{"line":105,"column":23},"end":{"line":105,"column":28}},"61":{"start":{"line":106,"column":25},"end":{"line":106,"column":82}},"62":{"start":{"line":107,"column":20},"end":{"line":107,"column":21}},"63":{"start":{"line":108,"column":4},"end":{"line":113,"column":5}},"64":{"start":{"line":108,"column":18},"end":{"line":108,"column":19}},"65":{"start":{"line":108,"column":40},"end":{"line":108,"column":54}},"66":{"start":{"line":109,"column":23},"end":{"line":109,"column":43}},"67":{"start":{"line":110,"column":8},"end":{"line":112,"column":9}},"68":{"start":{"line":111,"column":12},"end":{"line":111,"column":27}},"69":{"start":{"line":114,"column":17},"end":{"line":114,"column":26}},"70":{"start":{"line":115,"column":4},"end":{"line":115,"column":18}},"71":{"start":{"line":118,"column":12},"end":{"line":118,"column":17}},"72":{"start":{"line":118,"column":23},"end":{"line":118,"column":28}},"73":{"start":{"line":119,"column":4},"end":{"line":119,"column":13}},"74":{"start":{"line":122,"column":12},"end":{"line":122,"column":17}},"75":{"start":{"line":122,"column":23},"end":{"line":122,"column":28}},"76":{"start":{"line":123,"column":4},"end":{"line":123,"column":14}},"77":{"start":{"line":126,"column":4},"end":{"line":126,"column":43}},"78":{"start":{"line":129,"column":25},"end":{"line":129,"column":51}},"79":{"start":{"line":130,"column":4},"end":{"line":132,"column":5}},"80":{"start":{"line":130,"column":17},"end":{"line":130,"column":18}},"81":{"start":{"line":131,"column":8},"end":{"line":131,"column":94}},"82":{"start":{"line":133,"column":4},"end":{"line":133,"column":26}},"83":{"start":{"line":136,"column":22},"end":{"line":136,"column":24}},"84":{"start":{"line":137,"column":4},"end":{"line":143,"column":5}},"85":{"start":{"line":137,"column":17},"end":{"line":137,"column":18}},"86":{"start":{"line":138,"column":8},"end":{"line":142,"column":9}},"87":{"start":{"line":138,"column":21},"end":{"line":138,"column":22}},"88":{"start":{"line":139,"column":12},"end":{"line":141,"column":13}},"89":{"start":{"line":140,"column":16},"end":{"line":140,"column":57}},"90":{"start":{"line":144,"column":4},"end":{"line":148,"column":5}},"91":{"start":{"line":145,"column":26},"end":{"line":145,"column":71}},"92":{"start":{"line":146,"column":8},"end":{"line":146,"column":59}},"93":{"start":{"line":147,"column":8},"end":{"line":147,"column":77}},"94":{"start":{"line":151,"column":25},"end":{"line":151,"column":60}},"95":{"start":{"line":152,"column":4},"end":{"line":157,"column":5}},"96":{"start":{"line":152,"column":18},"end":{"line":152,"column":19}},"97":{"start":{"line":152,"column":40},"end":{"line":152,"column":54}},"98":{"start":{"line":153,"column":18},"end":{"line":153,"column":38}},"99":{"start":{"line":154,"column":8},"end":{"line":156,"column":9}},"100":{"start":{"line":155,"column":12},"end":{"line":155,"column":24}},"101":{"start":{"line":158,"column":4},"end":{"line":158,"column":17}},"102":{"start":{"line":161,"column":25},"end":{"line":161,"column":27}},"103":{"start":{"line":162,"column":4},"end":{"line":176,"column":5}},"104":{"start":{"line":162,"column":17},"end":{"line":162,"column":18}},"105":{"start":{"line":163,"column":8},"end":{"line":175,"column":9}},"106":{"start":{"line":163,"column":21},"end":{"line":163,"column":22}},"107":{"start":{"line":164,"column":12},"end":{"line":174,"column":13}},"108":{"start":{"line":165,"column":37},"end":{"line":165,"column":83}},"109":{"start":{"line":166,"column":16},"end":{"line":173,"column":17}},"110":{"start":{"line":167,"column":38},"end":{"line":167,"column":89}},"111":{"start":{"line":168,"column":35},"end":{"line":168,"column":77}},"112":{"start":{"line":169,"column":20},"end":{"line":172,"column":21}},"113":{"start":{"line":171,"column":24},"end":{"line":171,"column":57}},"114":{"start":{"line":177,"column":4},"end":{"line":180,"column":5}},"115":{"start":{"line":177,"column":18},"end":{"line":177,"column":19}},"116":{"start":{"line":177,"column":40},"end":{"line":177,"column":54}},"117":{"start":{"line":178,"column":19},"end":{"line":178,"column":39}},"118":{"start":{"line":179,"column":8},"end":{"line":179,"column":52}},"119":{"start":{"line":181,"column":4},"end":{"line":183,"column":5}},"120":{"start":{"line":182,"column":8},"end":{"line":182,"column":64}},"121":{"start":{"line":186,"column":25},"end":{"line":186,"column":60}},"122":{"start":{"line":187,"column":4},"end":{"line":192,"column":5}},"123":{"start":{"line":187,"column":18},"end":{"line":187,"column":19}},"124":{"start":{"line":187,"column":40},"end":{"line":187,"column":54}},"125":{"start":{"line":188,"column":18},"end":{"line":188,"column":38}},"126":{"start":{"line":189,"column":8},"end":{"line":191,"column":9}},"127":{"start":{"line":190,"column":12},"end":{"line":190,"column":55}},"128":{"start":{"line":195,"column":4},"end":{"line":198,"column":5}},"129":{"start":{"line":196,"column":8},"end":{"line":196,"column":103}},"130":{"start":{"line":197,"column":8},"end":{"line":197,"column":27}},"131":{"start":{"line":199,"column":4},"end":{"line":208,"column":5}},"132":{"start":{"line":200,"column":8},"end":{"line":200,"column":59}},"133":{"start":{"line":201,"column":8},"end":{"line":201,"column":52}},"134":{"start":{"line":202,"column":8},"end":{"line":202,"column":119}},"135":{"start":{"line":203,"column":8},"end":{"line":203,"column":31}},"136":{"start":{"line":206,"column":8},"end":{"line":206,"column":77}},"137":{"start":{"line":207,"column":8},"end":{"line":207,"column":27}},"138":{"start":{"line":220,"column":4},"end":{"line":234,"column":5}},"139":{"start":{"line":221,"column":8},"end":{"line":225,"column":9}},"140":{"start":{"line":222,"column":12},"end":{"line":222,"column":63}},"141":{"start":{"line":223,"column":12},"end":{"line":223,"column":106}},"142":{"start":{"line":224,"column":12},"end":{"line":224,"column":24}},"143":{"start":{"line":226,"column":8},"end":{"line":233,"column":9}},"144":{"start":{"line":227,"column":12},"end":{"line":227,"column":62}},"145":{"start":{"line":228,"column":12},"end":{"line":228,"column":24}},"146":{"start":{"line":231,"column":12},"end":{"line":231,"column":64}},"147":{"start":{"line":232,"column":12},"end":{"line":232,"column":25}},"148":{"start":{"line":235,"column":4},"end":{"line":243,"column":5}},"149":{"start":{"line":236,"column":8},"end":{"line":236,"column":81}},"150":{"start":{"line":237,"column":8},"end":{"line":237,"column":103}},"151":{"start":{"line":238,"column":8},"end":{"line":238,"column":20}},"152":{"start":{"line":241,"column":8},"end":{"line":241,"column":60}},"153":{"start":{"line":242,"column":8},"end":{"line":242,"column":21}},"154":{"start":{"line":249,"column":19},"end":{"line":249,"column":57}},"155":{"start":{"line":250,"column":23},"end":{"line":250,"column":27}},"156":{"start":{"line":251,"column":20},"end":{"line":251,"column":21}},"157":{"start":{"line":252,"column":22},"end":{"line":252,"column":23}},"158":{"start":{"line":253,"column":17},"end":{"line":253,"column":29}},"159":{"start":{"line":254,"column":25},"end":{"line":254,"column":49}},"160":{"start":{"line":255,"column":4},"end":{"line":255,"column":30}},"161":{"start":{"line":256,"column":4},"end":{"line":300,"column":5}},"162":{"start":{"line":257,"column":8},"end":{"line":257,"column":25}},"163":{"start":{"line":258,"column":8},"end":{"line":258,"column":30}},"164":{"start":{"line":259,"column":8},"end":{"line":259,"column":47}},"165":{"start":{"line":260,"column":8},"end":{"line":260,"column":52}},"166":{"start":{"line":261,"column":8},"end":{"line":261,"column":25}},"167":{"start":{"line":262,"column":31},"end":{"line":262,"column":70}},"168":{"start":{"line":263,"column":8},"end":{"line":263,"column":68}},"169":{"start":{"line":264,"column":26},"end":{"line":264,"column":109}},"170":{"start":{"line":265,"column":8},"end":{"line":268,"column":9}},"171":{"start":{"line":266,"column":12},"end":{"line":266,"column":53}},"172":{"start":{"line":267,"column":12},"end":{"line":267,"column":21}},"173":{"start":{"line":269,"column":8},"end":{"line":284,"column":9}},"174":{"start":{"line":270,"column":37},"end":{"line":270,"column":74}},"175":{"start":{"line":271,"column":21},"end":{"line":271,"column":62}},"176":{"start":{"line":271,"column":70},"end":{"line":271,"column":75}},"177":{"start":{"line":271,"column":83},"end":{"line":271,"column":88}},"178":{"start":{"line":272,"column":12},"end":{"line":275,"column":13}},"179":{"start":{"line":273,"column":16},"end":{"line":273,"column":73}},"180":{"start":{"line":274,"column":16},"end":{"line":274,"column":25}},"181":{"start":{"line":276,"column":34},"end":{"line":276,"column":104}},"182":{"start":{"line":277,"column":12},"end":{"line":283,"column":13}},"183":{"start":{"line":278,"column":16},"end":{"line":278,"column":46}},"184":{"start":{"line":279,"column":16},"end":{"line":279,"column":25}},"185":{"start":{"line":282,"column":16},"end":{"line":282,"column":25}},"186":{"start":{"line":285,"column":31},"end":{"line":285,"column":71}},"187":{"start":{"line":286,"column":17},"end":{"line":286,"column":56}},"188":{"start":{"line":286,"column":62},"end":{"line":286,"column":67}},"189":{"start":{"line":286,"column":73},"end":{"line":286,"column":78}},"190":{"start":{"line":287,"column":8},"end":{"line":290,"column":9}},"191":{"start":{"line":288,"column":12},"end":{"line":288,"column":69}},"192":{"start":{"line":289,"column":12},"end":{"line":289,"column":21}},"193":{"start":{"line":291,"column":8},"end":{"line":293,"column":9}},"194":{"start":{"line":292,"column":12},"end":{"line":292,"column":21}},"195":{"start":{"line":294,"column":8},"end":{"line":294,"column":51}},"196":{"start":{"line":295,"column":8},"end":{"line":295,"column":51}},"197":{"start":{"line":296,"column":8},"end":{"line":296,"column":23}},"198":{"start":{"line":297,"column":8},"end":{"line":297,"column":94}},"199":{"start":{"line":298,"column":8},"end":{"line":298,"column":35}}},"fnMap":{"0":{"name":"display_map","decl":{"start":{"line":15,"column":9},"end":{"line":15,"column":20}},"loc":{"start":{"line":15,"column":26},"end":{"line":23,"column":1}},"line":15},"1":{"name":"neighboring_tiles","decl":{"start":{"line":31,"column":9},"end":{"line":31,"column":26}},"loc":{"start":{"line":31,"column":36},"end":{"line":40,"column":1}},"line":31},"2":{"name":"(anonymous_2)","decl":{"start":{"line":38,"column":13},"end":{"line":38,"column":14}},"loc":{"start":{"line":38,"column":26},"end":{"line":38,"column":48}},"line":38},"3":{"name":"neighboring_tiles_including_roads","decl":{"start":{"line":48,"column":9},"end":{"line":48,"column":42}},"loc":{"start":{"line":48,"column":61},"end":{"line":59,"column":1}},"line":48},"4":{"name":"merge_arrays","decl":{"start":{"line":61,"column":9},"end":{"line":61,"column":21}},"loc":{"start":{"line":61,"column":34},"end":{"line":77,"column":1}},"line":61},"5":{"name":"count_total_points","decl":{"start":{"line":84,"column":9},"end":{"line":84,"column":27}},"loc":{"start":{"line":84,"column":33},"end":{"line":102,"column":1}},"line":84},"6":{"name":"count_points_church","decl":{"start":{"line":104,"column":9},"end":{"line":104,"column":28}},"loc":{"start":{"line":104,"column":38},"end":{"line":116,"column":1}},"line":104},"7":{"name":"count_points_house","decl":{"start":{"line":117,"column":9},"end":{"line":117,"column":27}},"loc":{"start":{"line":117,"column":37},"end":{"line":120,"column":1}},"line":117},"8":{"name":"count_points_fortress","decl":{"start":{"line":121,"column":9},"end":{"line":121,"column":30}},"loc":{"start":{"line":121,"column":40},"end":{"line":124,"column":1}},"line":121},"9":{"name":"getRandomInt","decl":{"start":{"line":125,"column":9},"end":{"line":125,"column":21}},"loc":{"start":{"line":125,"column":27},"end":{"line":127,"column":1}},"line":125},"10":{"name":"create_building_queue","decl":{"start":{"line":128,"column":9},"end":{"line":128,"column":30}},"loc":{"start":{"line":128,"column":38},"end":{"line":134,"column":1}},"line":128},"11":{"name":"spawn_barbarian","decl":{"start":{"line":135,"column":9},"end":{"line":135,"column":24}},"loc":{"start":{"line":135,"column":30},"end":{"line":149,"column":1}},"line":135},"12":{"name":"is_protected_by_fortress","decl":{"start":{"line":150,"column":9},"end":{"line":150,"column":33}},"loc":{"start":{"line":150,"column":52},"end":{"line":159,"column":1}},"line":150},"13":{"name":"spread_barbarian","decl":{"start":{"line":160,"column":9},"end":{"line":160,"column":25}},"loc":{"start":{"line":160,"column":31},"end":{"line":184,"column":1}},"line":160},"14":{"name":"clear_adjacent_barbarians","decl":{"start":{"line":185,"column":9},"end":{"line":185,"column":34}},"loc":{"start":{"line":185,"column":53},"end":{"line":193,"column":1}},"line":185},"15":{"name":"upgrade_to_fortress","decl":{"start":{"line":194,"column":9},"end":{"line":194,"column":28}},"loc":{"start":{"line":194,"column":60},"end":{"line":209,"column":1}},"line":194},"16":{"name":"place","decl":{"start":{"line":219,"column":9},"end":{"line":219,"column":14}},"loc":{"start":{"line":219,"column":43},"end":{"line":244,"column":1}},"line":219},"17":{"name":"main","decl":{"start":{"line":248,"column":9},"end":{"line":248,"column":13}},"loc":{"start":{"line":248,"column":16},"end":{"line":301,"column":1}},"line":248}},"branchMap":{"0":{"loc":{"start":{"line":34,"column":8},"end":{"line":34,"column":58}},"type":"cond-expr","locations":[{"start":{"line":34,"column":25},"end":{"line":34,"column":51}},{"start":{"line":34,"column":54},"end":{"line":34,"column":58}}],"line":34},"1":{"loc":{"start":{"line":35,"column":8},"end":{"line":35,"column":54}},"type":"cond-expr","locations":[{"start":{"line":35,"column":21},"end":{"line":35,"column":47}},{"start":{"line":35,"column":50},"end":{"line":35,"column":54}}],"line":35},"2":{"loc":{"start":{"line":36,"column":8},"end":{"line":36,"column":58}},"type":"cond-expr","locations":[{"start":{"line":36,"column":25},"end":{"line":36,"column":51}},{"start":{"line":36,"column":54},"end":{"line":36,"column":58}}],"line":36},"3":{"loc":{"start":{"line":37,"column":8},"end":{"line":37,"column":54}},"type":"cond-expr","locations":[{"start":{"line":37,"column":21},"end":{"line":37,"column":47}},{"start":{"line":37,"column":50},"end":{"line":37,"column":54}}],"line":37},"4":{"loc":{"start":{"line":52,"column":8},"end":{"line":56,"column":9}},"type":"if","locations":[{"start":{"line":52,"column":8},"end":{"line":56,"column":9}},{"start":{},"end":{}}],"line":52},"5":{"loc":{"start":{"line":52,"column":12},"end":{"line":53,"column":57}},"type":"binary-expr","locations":[{"start":{"line":52,"column":12},"end":{"line":52,"column":68}},{"start":{"line":53,"column":15},"end":{"line":53,"column":57}}],"line":52},"6":{"loc":{"start":{"line":66,"column":12},"end":{"line":68,"column":13}},"type":"if","locations":[{"start":{"line":66,"column":12},"end":{"line":68,"column":13}},{"start":{},"end":{}}],"line":66},"7":{"loc":{"start":{"line":72,"column":8},"end":{"line":74,"column":9}},"type":"if","locations":[{"start":{"line":72,"column":8},"end":{"line":74,"column":9}},{"start":{},"end":{}}],"line":72},"8":{"loc":{"start":{"line":89,"column":12},"end":{"line":97,"column":13}},"type":"if","locations":[{"start":{"line":89,"column":12},"end":{"line":97,"column":13}},{"start":{"line":92,"column":17},"end":{"line":97,"column":13}}],"line":89},"9":{"loc":{"start":{"line":92,"column":17},"end":{"line":97,"column":13}},"type":"if","locations":[{"start":{"line":92,"column":17},"end":{"line":97,"column":13}},{"start":{"line":95,"column":17},"end":{"line":97,"column":13}}],"line":92},"10":{"loc":{"start":{"line":95,"column":17},"end":{"line":97,"column":13}},"type":"if","locations":[{"start":{"line":95,"column":17},"end":{"line":97,"column":13}},{"start":{},"end":{}}],"line":95},"11":{"loc":{"start":{"line":110,"column":8},"end":{"line":112,"column":9}},"type":"if","locations":[{"start":{"line":110,"column":8},"end":{"line":112,"column":9}},{"start":{},"end":{}}],"line":110},"12":{"loc":{"start":{"line":110,"column":12},"end":{"line":110,"column":110}},"type":"binary-expr","locations":[{"start":{"line":110,"column":12},"end":{"line":110,"column":59}},{"start":{"line":110,"column":63},"end":{"line":110,"column":110}}],"line":110},"13":{"loc":{"start":{"line":139,"column":12},"end":{"line":141,"column":13}},"type":"if","locations":[{"start":{"line":139,"column":12},"end":{"line":141,"column":13}},{"start":{},"end":{}}],"line":139},"14":{"loc":{"start":{"line":144,"column":4},"end":{"line":148,"column":5}},"type":"if","locations":[{"start":{"line":144,"column":4},"end":{"line":148,"column":5}},{"start":{},"end":{}}],"line":144},"15":{"loc":{"start":{"line":154,"column":8},"end":{"line":156,"column":9}},"type":"if","locations":[{"start":{"line":154,"column":8},"end":{"line":156,"column":9}},{"start":{},"end":{}}],"line":154},"16":{"loc":{"start":{"line":164,"column":12},"end":{"line":174,"column":13}},"type":"if","locations":[{"start":{"line":164,"column":12},"end":{"line":174,"column":13}},{"start":{},"end":{}}],"line":164},"17":{"loc":{"start":{"line":166,"column":16},"end":{"line":173,"column":17}},"type":"if","locations":[{"start":{"line":166,"column":16},"end":{"line":173,"column":17}},{"start":{},"end":{}}],"line":166},"18":{"loc":{"start":{"line":169,"column":20},"end":{"line":172,"column":21}},"type":"if","locations":[{"start":{"line":169,"column":20},"end":{"line":172,"column":21}},{"start":{},"end":{}}],"line":169},"19":{"loc":{"start":{"line":169,"column":24},"end":{"line":170,"column":70}},"type":"binary-expr","locations":[{"start":{"line":169,"column":25},"end":{"line":169,"column":41}},{"start":{"line":169,"column":45},"end":{"line":169,"column":61}},{"start":{"line":169,"column":65},"end":{"line":169,"column":81}},{"start":{"line":170,"column":27},"end":{"line":170,"column":70}}],"line":169},"20":{"loc":{"start":{"line":181,"column":4},"end":{"line":183,"column":5}},"type":"if","locations":[{"start":{"line":181,"column":4},"end":{"line":183,"column":5}},{"start":{},"end":{}}],"line":181},"21":{"loc":{"start":{"line":189,"column":8},"end":{"line":191,"column":9}},"type":"if","locations":[{"start":{"line":189,"column":8},"end":{"line":191,"column":9}},{"start":{},"end":{}}],"line":189},"22":{"loc":{"start":{"line":195,"column":4},"end":{"line":198,"column":5}},"type":"if","locations":[{"start":{"line":195,"column":4},"end":{"line":198,"column":5}},{"start":{},"end":{}}],"line":195},"23":{"loc":{"start":{"line":199,"column":4},"end":{"line":208,"column":5}},"type":"if","locations":[{"start":{"line":199,"column":4},"end":{"line":208,"column":5}},{"start":{"line":205,"column":9},"end":{"line":208,"column":5}}],"line":199},"24":{"loc":{"start":{"line":220,"column":4},"end":{"line":234,"column":5}},"type":"if","locations":[{"start":{"line":220,"column":4},"end":{"line":234,"column":5}},{"start":{},"end":{}}],"line":220},"25":{"loc":{"start":{"line":221,"column":8},"end":{"line":225,"column":9}},"type":"if","locations":[{"start":{"line":221,"column":8},"end":{"line":225,"column":9}},{"start":{},"end":{}}],"line":221},"26":{"loc":{"start":{"line":226,"column":8},"end":{"line":233,"column":9}},"type":"if","locations":[{"start":{"line":226,"column":8},"end":{"line":233,"column":9}},{"start":{"line":230,"column":13},"end":{"line":233,"column":9}}],"line":226},"27":{"loc":{"start":{"line":235,"column":4},"end":{"line":243,"column":5}},"type":"if","locations":[{"start":{"line":235,"column":4},"end":{"line":243,"column":5}},{"start":{"line":240,"column":9},"end":{"line":243,"column":5}}],"line":235},"28":{"loc":{"start":{"line":265,"column":8},"end":{"line":268,"column":9}},"type":"if","locations":[{"start":{"line":265,"column":8},"end":{"line":268,"column":9}},{"start":{},"end":{}}],"line":265},"29":{"loc":{"start":{"line":265,"column":12},"end":{"line":265,"column":54}},"type":"binary-expr","locations":[{"start":{"line":265,"column":12},"end":{"line":265,"column":31}},{"start":{"line":265,"column":35},"end":{"line":265,"column":54}}],"line":265},"30":{"loc":{"start":{"line":269,"column":8},"end":{"line":284,"column":9}},"type":"if","locations":[{"start":{"line":269,"column":8},"end":{"line":284,"column":9}},{"start":{},"end":{}}],"line":269},"31":{"loc":{"start":{"line":272,"column":12},"end":{"line":275,"column":13}},"type":"if","locations":[{"start":{"line":272,"column":12},"end":{"line":275,"column":13}},{"start":{},"end":{}}],"line":272},"32":{"loc":{"start":{"line":272,"column":16},"end":{"line":272,"column":96}},"type":"binary-expr","locations":[{"start":{"line":272,"column":16},"end":{"line":272,"column":23}},{"start":{"line":272,"column":27},"end":{"line":272,"column":34}},{"start":{"line":272,"column":38},"end":{"line":272,"column":51}},{"start":{"line":272,"column":55},"end":{"line":272,"column":68}},{"start":{"line":272,"column":72},"end":{"line":272,"column":82}},{"start":{"line":272,"column":86},"end":{"line":272,"column":96}}],"line":272},"33":{"loc":{"start":{"line":277,"column":12},"end":{"line":283,"column":13}},"type":"if","locations":[{"start":{"line":277,"column":12},"end":{"line":283,"column":13}},{"start":{"line":281,"column":17},"end":{"line":283,"column":13}}],"line":277},"34":{"loc":{"start":{"line":287,"column":8},"end":{"line":290,"column":9}},"type":"if","locations":[{"start":{"line":287,"column":8},"end":{"line":290,"column":9}},{"start":{},"end":{}}],"line":287},"35":{"loc":{"start":{"line":287,"column":12},"end":{"line":287,"column":80}},"type":"binary-expr","locations":[{"start":{"line":287,"column":12},"end":{"line":287,"column":17}},{"start":{"line":287,"column":21},"end":{"line":287,"column":26}},{"start":{"line":287,"column":30},"end":{"line":287,"column":41}},{"start":{"line":287,"column":45},"end":{"line":287,"column":56}},{"start":{"line":287,"column":60},"end":{"line":287,"column":68}},{"start":{"line":287,"column":72},"end":{"line":287,"column":80}}],"line":287},"36":{"loc":{"start":{"line":291,"column":8},"end":{"line":293,"column":9}},"type":"if","locations":[{"start":{"line":291,"column":8},"end":{"line":293,"column":9}},{"start":{},"end":{}}],"line":291}},"s":{"0":1,"1":1,"2":1,"3":1,"4":1,"5":1,"6":1,"7":1,"8":1,"9":1,"10":1,"11":1,"12":0,"13":0,"14":0,"15":0,"16":0,"17":0,"18":0,"19":2,"20":2,"21":2,"22":8,"23":2,"24":2,"25":2,"26":2,"27":2,"28":2,"29":12,"30":1,"31":1,"32":2,"33":1,"34":1,"35":1,"36":1,"37":4,"38":4,"39":16,"40":0,"41":1,"42":1,"43":4,"44":4,"45":1,"46":1,"47":1,"48":1,"49":4,"50":4,"51":16,"52":16,"53":1,"54":15,"55":1,"56":14,"57":0,"58":1,"59":1,"60":1,"61":1,"62":1,"63":1,"64":1,"65":1,"66":8,"67":8,"68":1,"69":1,"70":1,"71":1,"72":1,"73":1,"74":0,"75":0,"76":0,"77":1,"78":0,"79":0,"80":0,"81":0,"82":0,"83":1,"84":1,"85":1,"86":1,"87":1,"88":1,"89":1,"90":1,"91":1,"92":1,"93":1,"94":0,"95":0,"96":0,"97":0,"98":0,"99":0,"100":0,"101":0,"102":0,"103":0,"104":0,"105":0,"106":0,"107":0,"108":0,"109":0,"110":0,"111":0,"112":0,"113":0,"114":0,"115":0,"116":0,"117":0,"118":0,"119":0,"120":0,"121":0,"122":0,"123":0,"124":0,"125":0,"126":0,"127":0,"128":0,"129":0,"130":0,"131":0,"132":0,"133":0,"134":0,"135":0,"136":0,"137":0,"138":3,"139":0,"140":0,"141":0,"142":0,"143":0,"144":0,"145":0,"146":0,"147":0,"148":3,"149":3,"150":3,"151":3,"152":0,"153":0,"154":0,"155":0,"156":0,"157":0,"158":0,"159":0,"160":0,"161":0,"162":0,"163":0,"164":0,"165":0,"166":0,"167":0,"168":0,"169":0,"170":0,"171":0,"172":0,"173":0,"174":0,"175":0,"176":0,"177":0,"178":0,"179":0,"180":0,"181":0,"182":0,"183":0,"184":0,"185":0,"186":0,"187":0,"188":0,"189":0,"190":0,"191":0,"192":0,"193":0,"194":0,"195":0,"196":0,"197":0,"198":0,"199":0},"f":{"0":0,"1":2,"2":8,"3":2,"4":1,"5":1,"6":1,"7":1,"8":0,"9":1,"10":0,"11":1,"12":0,"13":0,"14":0,"15":0,"16":3,"17":0},"b":{"0":[2,0],"1":[2,0],"2":[2,0],"3":[2,0],"4":[1,11],"5":[12,1],"6":[0,16],"7":[4,0],"8":[1,15],"9":[1,14],"10":[0,14],"11":[1,7],"12":[8,7],"13":[1,0],"14":[1,0],"15":[0,0],"16":[0,0],"17":[0,0],"18":[0,0],"19":[0,0,0,0],"20":[0,0],"21":[0,0],"22":[0,0],"23":[0,0],"24":[0,3],"25":[0,0],"26":[0,0],"27":[3,0],"28":[0,0],"29":[0,0],"30":[0,0],"31":[0,0],"32":[0,0,0,0,0,0],"33":[0,0],"34":[0,0],"35":[0,0,0,0,0,0],"36":[0,0]},"_coverageSchema":"1a1c01bbd47fc00a2c39e90264f33305004495a9","hash":"0b5ca00b3f118fbd967581a561d0e67f71d4d7dc"}
,"/Users/nemolangels/Library/CloudStorage/OneDrive-Uppsalauniversitet/Pluggmappen/PkDProjekt/maps.js": {"path":"/Users/nemolangels/Library/CloudStorage/OneDrive-Uppsalauniversitet/Pluggmappen/PkDProjekt/maps.js","statementMap":{"0":{"start":{"line":2,"column":0},"end":{"line":2,"column":62}},"1":{"start":{"line":3,"column":0},"end":{"line":3,"column":32}},"2":{"start":{"line":4,"column":0},"end":{"line":4,"column":42}},"3":{"start":{"line":5,"column":0},"end":{"line":5,"column":36}},"4":{"start":{"line":6,"column":0},"end":{"line":6,"column":36}},"5":{"start":{"line":7,"column":0},"end":{"line":7,"column":30}},"6":{"start":{"line":8,"column":13},"end":{"line":8,"column":34}},"7":{"start":{"line":17,"column":17},"end":{"line":17,"column":19}},"8":{"start":{"line":18,"column":4},"end":{"line":28,"column":5}},"9":{"start":{"line":18,"column":17},"end":{"line":18,"column":18}},"10":{"start":{"line":19,"column":8},"end":{"line":19,"column":23}},"11":{"start":{"line":20,"column":8},"end":{"line":27,"column":9}},"12":{"start":{"line":20,"column":21},"end":{"line":20,"column":22}},"13":{"start":{"line":21,"column":12},"end":{"line":26,"column":13}},"14":{"start":{"line":22,"column":16},"end":{"line":22,"column":101}},"15":{"start":{"line":25,"column":16},"end":{"line":25,"column":101}},"16":{"start":{"line":29,"column":4},"end":{"line":29,"column":18}},"17":{"start":{"line":33,"column":4},"end":{"line":33,"column":80}},"18":{"start":{"line":37,"column":4},"end":{"line":37,"column":74}},"19":{"start":{"line":41,"column":4},"end":{"line":41,"column":76}},"20":{"start":{"line":45,"column":4},"end":{"line":45,"column":73}}},"fnMap":{"0":{"name":"create_map","decl":{"start":{"line":16,"column":9},"end":{"line":16,"column":19}},"loc":{"start":{"line":16,"column":36},"end":{"line":30,"column":1}},"line":16},"1":{"name":"change_property","decl":{"start":{"line":32,"column":9},"end":{"line":32,"column":24}},"loc":{"start":{"line":32,"column":48},"end":{"line":34,"column":1}},"line":32},"2":{"name":"change_biome","decl":{"start":{"line":36,"column":9},"end":{"line":36,"column":21}},"loc":{"start":{"line":36,"column":42},"end":{"line":38,"column":1}},"line":36},"3":{"name":"get_property","decl":{"start":{"line":40,"column":9},"end":{"line":40,"column":21}},"loc":{"start":{"line":40,"column":35},"end":{"line":42,"column":1}},"line":40},"4":{"name":"get_biome","decl":{"start":{"line":44,"column":9},"end":{"line":44,"column":18}},"loc":{"start":{"line":44,"column":32},"end":{"line":46,"column":1}},"line":44}},"branchMap":{"0":{"loc":{"start":{"line":21,"column":12},"end":{"line":26,"column":13}},"type":"if","locations":[{"start":{"line":21,"column":12},"end":{"line":26,"column":13}},{"start":{"line":24,"column":17},"end":{"line":26,"column":13}}],"line":21}},"s":{"0":1,"1":1,"2":1,"3":1,"4":1,"5":1,"6":1,"7":2,"8":2,"9":2,"10":5,"11":5,"12":5,"13":17,"14":3,"15":14,"16":2,"17":8,"18":0,"19":47,"20":0},"f":{"0":2,"1":8,"2":0,"3":47,"4":0},"b":{"0":[3,14]},"_coverageSchema":"1a1c01bbd47fc00a2c39e90264f33305004495a9","hash":"bc04f2f278bc5cda22b8793507b67f84442d5fa7"}
,"/Users/nemolangels/Library/CloudStorage/OneDrive-Uppsalauniversitet/Pluggmappen/PkDProjekt/lib/list.js": {"path":"/Users/nemolangels/Library/CloudStorage/OneDrive-Uppsalauniversitet/Pluggmappen/PkDProjekt/lib/list.js","statementMap":{"0":{"start":{"line":3,"column":0},"end":{"line":3,"column":62}},"1":{"start":{"line":4,"column":0},"end":{"line":4,"column":20}},"2":{"start":{"line":5,"column":0},"end":{"line":5,"column":20}},"3":{"start":{"line":6,"column":0},"end":{"line":6,"column":20}},"4":{"start":{"line":7,"column":0},"end":{"line":7,"column":26}},"5":{"start":{"line":8,"column":0},"end":{"line":8,"column":20}},"6":{"start":{"line":9,"column":0},"end":{"line":9,"column":30}},"7":{"start":{"line":10,"column":0},"end":{"line":10,"column":24}},"8":{"start":{"line":11,"column":0},"end":{"line":11,"column":18}},"9":{"start":{"line":12,"column":0},"end":{"line":12,"column":32}},"10":{"start":{"line":13,"column":0},"end":{"line":13,"column":28}},"11":{"start":{"line":14,"column":0},"end":{"line":14,"column":26}},"12":{"start":{"line":15,"column":0},"end":{"line":15,"column":24}},"13":{"start":{"line":16,"column":0},"end":{"line":16,"column":24}},"14":{"start":{"line":17,"column":0},"end":{"line":17,"column":24}},"15":{"start":{"line":18,"column":0},"end":{"line":18,"column":32}},"16":{"start":{"line":19,"column":0},"end":{"line":19,"column":24}},"17":{"start":{"line":20,"column":0},"end":{"line":20,"column":18}},"18":{"start":{"line":21,"column":0},"end":{"line":21,"column":30}},"19":{"start":{"line":22,"column":0},"end":{"line":22,"column":28}},"20":{"start":{"line":23,"column":0},"end":{"line":23,"column":32}},"21":{"start":{"line":24,"column":0},"end":{"line":24,"column":30}},"22":{"start":{"line":25,"column":0},"end":{"line":25,"column":26}},"23":{"start":{"line":35,"column":4},"end":{"line":35,"column":20}},"24":{"start":{"line":43,"column":4},"end":{"line":43,"column":16}},"25":{"start":{"line":51,"column":4},"end":{"line":51,"column":16}},"26":{"start":{"line":59,"column":4},"end":{"line":59,"column":22}},"27":{"start":{"line":69,"column":19},"end":{"line":69,"column":21}},"28":{"start":{"line":70,"column":4},"end":{"line":72,"column":5}},"29":{"start":{"line":70,"column":18},"end":{"line":70,"column":19}},"30":{"start":{"line":71,"column":8},"end":{"line":71,"column":37}},"31":{"start":{"line":73,"column":14},"end":{"line":73,"column":18}},"32":{"start":{"line":74,"column":4},"end":{"line":76,"column":5}},"33":{"start":{"line":74,"column":17},"end":{"line":74,"column":36}},"34":{"start":{"line":75,"column":8},"end":{"line":75,"column":37}},"35":{"start":{"line":77,"column":4},"end":{"line":77,"column":15}},"36":{"start":{"line":86,"column":4},"end":{"line":86,"column":16}},"37":{"start":{"line":96,"column":17},"end":{"line":96,"column":24}},"38":{"start":{"line":97,"column":8},"end":{"line":99,"column":41}},"39":{"start":{"line":101,"column":4},"end":{"line":106,"column":5}},"40":{"start":{"line":102,"column":8},"end":{"line":102,"column":24}},"41":{"start":{"line":105,"column":8},"end":{"line":105,"column":41}},"42":{"start":{"line":117,"column":8},"end":{"line":117,"column":62}},"43":{"start":{"line":119,"column":4},"end":{"line":119,"column":26}},"44":{"start":{"line":132,"column":8},"end":{"line":134,"column":56}},"45":{"start":{"line":136,"column":4},"end":{"line":136,"column":29}},"46":{"start":{"line":148,"column":8},"end":{"line":150,"column":67}},"47":{"start":{"line":152,"column":4},"end":{"line":152,"column":41}},"48":{"start":{"line":163,"column":4},"end":{"line":166,"column":5}},"49":{"start":{"line":164,"column":8},"end":{"line":164,"column":22}},"50":{"start":{"line":165,"column":8},"end":{"line":165,"column":22}},"51":{"start":{"line":177,"column":8},"end":{"line":179,"column":71}},"52":{"start":{"line":181,"column":4},"end":{"line":181,"column":30}},"53":{"start":{"line":194,"column":8},"end":{"line":196,"column":88}},"54":{"start":{"line":196,"column":52},"end":{"line":196,"column":84}},"55":{"start":{"line":198,"column":4},"end":{"line":198,"column":57}},"56":{"start":{"line":198,"column":43},"end":{"line":198,"column":53}},"57":{"start":{"line":210,"column":4},"end":{"line":214,"column":37}},"58":{"start":{"line":227,"column":18},"end":{"line":227,"column":24}},"59":{"start":{"line":228,"column":18},"end":{"line":228,"column":25}},"60":{"start":{"line":229,"column":8},"end":{"line":233,"column":60}},"61":{"start":{"line":235,"column":4},"end":{"line":235,"column":35}},"62":{"start":{"line":248,"column":18},"end":{"line":248,"column":24}},"63":{"start":{"line":249,"column":18},"end":{"line":249,"column":25}},"64":{"start":{"line":250,"column":8},"end":{"line":254,"column":64}},"65":{"start":{"line":256,"column":4},"end":{"line":256,"column":36}},"66":{"start":{"line":269,"column":8},"end":{"line":273,"column":47}},"67":{"start":{"line":275,"column":4},"end":{"line":275,"column":35}},"68":{"start":{"line":285,"column":4},"end":{"line":285,"column":70}},"69":{"start":{"line":297,"column":18},"end":{"line":297,"column":25}},"70":{"start":{"line":298,"column":8},"end":{"line":300,"column":59}},"71":{"start":{"line":302,"column":4},"end":{"line":302,"column":40}},"72":{"start":{"line":314,"column":4},"end":{"line":318,"column":40}},"73":{"start":{"line":335,"column":8},"end":{"line":337,"column":97}},"74":{"start":{"line":337,"column":64},"end":{"line":337,"column":93}},"75":{"start":{"line":339,"column":4},"end":{"line":339,"column":68}},"76":{"start":{"line":339,"column":55},"end":{"line":339,"column":64}},"77":{"start":{"line":355,"column":4},"end":{"line":357,"column":55}},"78":{"start":{"line":366,"column":4},"end":{"line":366,"column":49}}},"fnMap":{"0":{"name":"pair","decl":{"start":{"line":34,"column":9},"end":{"line":34,"column":13}},"loc":{"start":{"line":34,"column":22},"end":{"line":36,"column":1}},"line":34},"1":{"name":"head","decl":{"start":{"line":42,"column":9},"end":{"line":42,"column":13}},"loc":{"start":{"line":42,"column":17},"end":{"line":44,"column":1}},"line":42},"2":{"name":"tail","decl":{"start":{"line":50,"column":9},"end":{"line":50,"column":13}},"loc":{"start":{"line":50,"column":17},"end":{"line":52,"column":1}},"line":50},"3":{"name":"is_null","decl":{"start":{"line":58,"column":9},"end":{"line":58,"column":16}},"loc":{"start":{"line":58,"column":20},"end":{"line":60,"column":1}},"line":58},"4":{"name":"list","decl":{"start":{"line":68,"column":9},"end":{"line":68,"column":13}},"loc":{"start":{"line":68,"column":16},"end":{"line":78,"column":1}},"line":68},"5":{"name":"empty_list","decl":{"start":{"line":85,"column":9},"end":{"line":85,"column":19}},"loc":{"start":{"line":85,"column":22},"end":{"line":87,"column":1}},"line":85},"6":{"name":"to_string","decl":{"start":{"line":94,"column":9},"end":{"line":94,"column":18}},"loc":{"start":{"line":94,"column":23},"end":{"line":107,"column":1}},"line":94},"7":{"name":"print","decl":{"start":{"line":95,"column":13},"end":{"line":95,"column":18}},"loc":{"start":{"line":95,"column":22},"end":{"line":100,"column":5}},"line":95},"8":{"name":"length","decl":{"start":{"line":115,"column":9},"end":{"line":115,"column":15}},"loc":{"start":{"line":115,"column":20},"end":{"line":120,"column":1}},"line":115},"9":{"name":"$length","decl":{"start":{"line":116,"column":13},"end":{"line":116,"column":20}},"loc":{"start":{"line":116,"column":30},"end":{"line":118,"column":5}},"line":116},"10":{"name":"map","decl":{"start":{"line":130,"column":9},"end":{"line":130,"column":12}},"loc":{"start":{"line":130,"column":20},"end":{"line":137,"column":1}},"line":130},"11":{"name":"$map","decl":{"start":{"line":131,"column":13},"end":{"line":131,"column":17}},"loc":{"start":{"line":131,"column":30},"end":{"line":135,"column":5}},"line":131},"12":{"name":"build_list","decl":{"start":{"line":146,"column":9},"end":{"line":146,"column":19}},"loc":{"start":{"line":146,"column":28},"end":{"line":153,"column":1}},"line":146},"13":{"name":"$build_list","decl":{"start":{"line":147,"column":13},"end":{"line":147,"column":24}},"loc":{"start":{"line":147,"column":48},"end":{"line":151,"column":5}},"line":147},"14":{"name":"for_each","decl":{"start":{"line":162,"column":9},"end":{"line":162,"column":17}},"loc":{"start":{"line":162,"column":27},"end":{"line":167,"column":1}},"line":162},"15":{"name":"reverse","decl":{"start":{"line":175,"column":9},"end":{"line":175,"column":16}},"loc":{"start":{"line":175,"column":21},"end":{"line":182,"column":1}},"line":175},"16":{"name":"$reverse","decl":{"start":{"line":176,"column":13},"end":{"line":176,"column":21}},"loc":{"start":{"line":176,"column":42},"end":{"line":180,"column":5}},"line":176},"17":{"name":"append","decl":{"start":{"line":192,"column":9},"end":{"line":192,"column":15}},"loc":{"start":{"line":192,"column":24},"end":{"line":199,"column":1}},"line":192},"18":{"name":"$append","decl":{"start":{"line":193,"column":13},"end":{"line":193,"column":20}},"loc":{"start":{"line":193,"column":35},"end":{"line":197,"column":5}},"line":193},"19":{"name":"(anonymous_19)","decl":{"start":{"line":196,"column":36},"end":{"line":196,"column":37}},"loc":{"start":{"line":196,"column":50},"end":{"line":196,"column":86}},"line":196},"20":{"name":"(anonymous_20)","decl":{"start":{"line":198,"column":27},"end":{"line":198,"column":28}},"loc":{"start":{"line":198,"column":41},"end":{"line":198,"column":55}},"line":198},"21":{"name":"member","decl":{"start":{"line":209,"column":9},"end":{"line":209,"column":15}},"loc":{"start":{"line":209,"column":26},"end":{"line":215,"column":1}},"line":209},"22":{"name":"remove","decl":{"start":{"line":224,"column":9},"end":{"line":224,"column":15}},"loc":{"start":{"line":224,"column":26},"end":{"line":236,"column":1}},"line":224},"23":{"name":"$remove","decl":{"start":{"line":225,"column":13},"end":{"line":225,"column":20}},"loc":{"start":{"line":225,"column":33},"end":{"line":234,"column":5}},"line":225},"24":{"name":"remove_all","decl":{"start":{"line":245,"column":9},"end":{"line":245,"column":19}},"loc":{"start":{"line":245,"column":27},"end":{"line":257,"column":1}},"line":245},"25":{"name":"$remove_all","decl":{"start":{"line":246,"column":13},"end":{"line":246,"column":24}},"loc":{"start":{"line":246,"column":37},"end":{"line":255,"column":5}},"line":246},"26":{"name":"filter","decl":{"start":{"line":267,"column":9},"end":{"line":267,"column":15}},"loc":{"start":{"line":267,"column":26},"end":{"line":276,"column":1}},"line":267},"27":{"name":"$filter","decl":{"start":{"line":268,"column":13},"end":{"line":268,"column":20}},"loc":{"start":{"line":268,"column":36},"end":{"line":274,"column":5}},"line":268},"28":{"name":"all","decl":{"start":{"line":284,"column":9},"end":{"line":284,"column":12}},"loc":{"start":{"line":284,"column":23},"end":{"line":286,"column":1}},"line":284},"29":{"name":"enum_list","decl":{"start":{"line":294,"column":9},"end":{"line":294,"column":18}},"loc":{"start":{"line":294,"column":31},"end":{"line":303,"column":1}},"line":294},"30":{"name":"$enum_list","decl":{"start":{"line":295,"column":13},"end":{"line":295,"column":23}},"loc":{"start":{"line":295,"column":41},"end":{"line":301,"column":5}},"line":295},"31":{"name":"list_ref","decl":{"start":{"line":313,"column":9},"end":{"line":313,"column":17}},"loc":{"start":{"line":313,"column":25},"end":{"line":319,"column":1}},"line":313},"32":{"name":"accumulate","decl":{"start":{"line":333,"column":9},"end":{"line":333,"column":19}},"loc":{"start":{"line":333,"column":37},"end":{"line":340,"column":1}},"line":333},"33":{"name":"$accumulate","decl":{"start":{"line":334,"column":13},"end":{"line":334,"column":24}},"loc":{"start":{"line":334,"column":48},"end":{"line":338,"column":5}},"line":334},"34":{"name":"(anonymous_34)","decl":{"start":{"line":337,"column":49},"end":{"line":337,"column":50}},"loc":{"start":{"line":337,"column":62},"end":{"line":337,"column":95}},"line":337},"35":{"name":"(anonymous_35)","decl":{"start":{"line":339,"column":40},"end":{"line":339,"column":41}},"loc":{"start":{"line":339,"column":53},"end":{"line":339,"column":66}},"line":339},"36":{"name":"fold_left","decl":{"start":{"line":354,"column":9},"end":{"line":354,"column":18}},"loc":{"start":{"line":354,"column":35},"end":{"line":358,"column":1}},"line":354},"37":{"name":"flatten","decl":{"start":{"line":365,"column":9},"end":{"line":365,"column":16}},"loc":{"start":{"line":365,"column":22},"end":{"line":367,"column":1}},"line":365}},"branchMap":{"0":{"loc":{"start":{"line":97,"column":15},"end":{"line":99,"column":40}},"type":"cond-expr","locations":[{"start":{"line":98,"column":14},"end":{"line":98,"column":26}},{"start":{"line":99,"column":14},"end":{"line":99,"column":40}}],"line":97},"1":{"loc":{"start":{"line":101,"column":4},"end":{"line":106,"column":5}},"type":"if","locations":[{"start":{"line":101,"column":4},"end":{"line":106,"column":5}},{"start":{"line":104,"column":9},"end":{"line":106,"column":5}}],"line":101},"2":{"loc":{"start":{"line":117,"column":15},"end":{"line":117,"column":61}},"type":"cond-expr","locations":[{"start":{"line":117,"column":29},"end":{"line":117,"column":32}},{"start":{"line":117,"column":35},"end":{"line":117,"column":61}}],"line":117},"3":{"loc":{"start":{"line":132,"column":15},"end":{"line":134,"column":55}},"type":"cond-expr","locations":[{"start":{"line":133,"column":14},"end":{"line":133,"column":26}},{"start":{"line":134,"column":14},"end":{"line":134,"column":55}}],"line":132},"4":{"loc":{"start":{"line":148,"column":15},"end":{"line":150,"column":66}},"type":"cond-expr","locations":[{"start":{"line":149,"column":14},"end":{"line":149,"column":27}},{"start":{"line":150,"column":14},"end":{"line":150,"column":66}}],"line":148},"5":{"loc":{"start":{"line":177,"column":15},"end":{"line":179,"column":70}},"type":"cond-expr","locations":[{"start":{"line":178,"column":14},"end":{"line":178,"column":22}},{"start":{"line":179,"column":14},"end":{"line":179,"column":70}}],"line":177},"6":{"loc":{"start":{"line":194,"column":15},"end":{"line":196,"column":87}},"type":"cond-expr","locations":[{"start":{"line":195,"column":14},"end":{"line":195,"column":22}},{"start":{"line":196,"column":14},"end":{"line":196,"column":87}}],"line":194},"7":{"loc":{"start":{"line":210,"column":11},"end":{"line":214,"column":36}},"type":"cond-expr","locations":[{"start":{"line":211,"column":10},"end":{"line":211,"column":14}},{"start":{"line":212,"column":10},"end":{"line":214,"column":36}}],"line":210},"8":{"loc":{"start":{"line":212,"column":10},"end":{"line":214,"column":36}},"type":"cond-expr","locations":[{"start":{"line":213,"column":14},"end":{"line":213,"column":16}},{"start":{"line":214,"column":14},"end":{"line":214,"column":36}}],"line":212},"9":{"loc":{"start":{"line":229,"column":15},"end":{"line":233,"column":59}},"type":"cond-expr","locations":[{"start":{"line":230,"column":14},"end":{"line":230,"column":31}},{"start":{"line":231,"column":14},"end":{"line":233,"column":59}}],"line":229},"10":{"loc":{"start":{"line":231,"column":14},"end":{"line":233,"column":59}},"type":"cond-expr","locations":[{"start":{"line":232,"column":18},"end":{"line":232,"column":41}},{"start":{"line":233,"column":18},"end":{"line":233,"column":59}}],"line":231},"11":{"loc":{"start":{"line":250,"column":15},"end":{"line":254,"column":63}},"type":"cond-expr","locations":[{"start":{"line":251,"column":14},"end":{"line":251,"column":31}},{"start":{"line":252,"column":14},"end":{"line":254,"column":63}}],"line":250},"12":{"loc":{"start":{"line":252,"column":14},"end":{"line":254,"column":63}},"type":"cond-expr","locations":[{"start":{"line":253,"column":18},"end":{"line":253,"column":47}},{"start":{"line":254,"column":18},"end":{"line":254,"column":63}}],"line":252},"13":{"loc":{"start":{"line":269,"column":15},"end":{"line":273,"column":46}},"type":"cond-expr","locations":[{"start":{"line":270,"column":14},"end":{"line":270,"column":26}},{"start":{"line":271,"column":14},"end":{"line":273,"column":46}}],"line":269},"14":{"loc":{"start":{"line":271,"column":14},"end":{"line":273,"column":46}},"type":"cond-expr","locations":[{"start":{"line":272,"column":18},"end":{"line":272,"column":62}},{"start":{"line":273,"column":18},"end":{"line":273,"column":46}}],"line":271},"15":{"loc":{"start":{"line":285,"column":11},"end":{"line":285,"column":69}},"type":"cond-expr","locations":[{"start":{"line":285,"column":25},"end":{"line":285,"column":29}},{"start":{"line":285,"column":32},"end":{"line":285,"column":69}}],"line":285},"16":{"loc":{"start":{"line":285,"column":32},"end":{"line":285,"column":69}},"type":"binary-expr","locations":[{"start":{"line":285,"column":32},"end":{"line":285,"column":46}},{"start":{"line":285,"column":50},"end":{"line":285,"column":69}}],"line":285},"17":{"loc":{"start":{"line":298,"column":15},"end":{"line":300,"column":58}},"type":"cond-expr","locations":[{"start":{"line":299,"column":14},"end":{"line":299,"column":22}},{"start":{"line":300,"column":14},"end":{"line":300,"column":58}}],"line":298},"18":{"loc":{"start":{"line":314,"column":11},"end":{"line":318,"column":39}},"type":"cond-expr","locations":[{"start":{"line":315,"column":10},"end":{"line":315,"column":19}},{"start":{"line":316,"column":10},"end":{"line":318,"column":39}}],"line":314},"19":{"loc":{"start":{"line":316,"column":10},"end":{"line":318,"column":39}},"type":"cond-expr","locations":[{"start":{"line":317,"column":14},"end":{"line":317,"column":22}},{"start":{"line":318,"column":14},"end":{"line":318,"column":39}}],"line":316},"20":{"loc":{"start":{"line":335,"column":15},"end":{"line":337,"column":96}},"type":"cond-expr","locations":[{"start":{"line":336,"column":14},"end":{"line":336,"column":27}},{"start":{"line":337,"column":14},"end":{"line":337,"column":96}}],"line":335},"21":{"loc":{"start":{"line":355,"column":11},"end":{"line":357,"column":54}},"type":"cond-expr","locations":[{"start":{"line":356,"column":10},"end":{"line":356,"column":17}},{"start":{"line":357,"column":10},"end":{"line":357,"column":54}}],"line":355}},"s":{"0":1,"1":1,"2":1,"3":1,"4":1,"5":1,"6":1,"7":1,"8":1,"9":1,"10":1,"11":1,"12":1,"13":1,"14":1,"15":1,"16":1,"17":1,"18":1,"19":1,"20":1,"21":1,"22":1,"23":49,"24":55,"25":55,"26":0,"27":0,"28":0,"29":0,"30":0,"31":0,"32":0,"33":0,"34":0,"35":0,"36":0,"37":0,"38":0,"39":0,"40":0,"41":0,"42":0,"43":0,"44":0,"45":0,"46":0,"47":0,"48":0,"49":0,"50":0,"51":0,"52":0,"53":0,"54":0,"55":0,"56":0,"57":0,"58":0,"59":0,"60":0,"61":0,"62":0,"63":0,"64":0,"65":0,"66":0,"67":0,"68":0,"69":0,"70":0,"71":0,"72":0,"73":0,"74":0,"75":0,"76":0,"77":0,"78":0},"f":{"0":49,"1":55,"2":55,"3":0,"4":0,"5":0,"6":0,"7":0,"8":0,"9":0,"10":0,"11":0,"12":0,"13":0,"14":0,"15":0,"16":0,"17":0,"18":0,"19":0,"20":0,"21":0,"22":0,"23":0,"24":0,"25":0,"26":0,"27":0,"28":0,"29":0,"30":0,"31":0,"32":0,"33":0,"34":0,"35":0,"36":0,"37":0},"b":{"0":[0,0],"1":[0,0],"2":[0,0],"3":[0,0],"4":[0,0],"5":[0,0],"6":[0,0],"7":[0,0],"8":[0,0],"9":[0,0],"10":[0,0],"11":[0,0],"12":[0,0],"13":[0,0],"14":[0,0],"15":[0,0],"16":[0,0],"17":[0,0],"18":[0,0],"19":[0,0],"20":[0,0],"21":[0,0]},"_coverageSchema":"1a1c01bbd47fc00a2c39e90264f33305004495a9","hash":"385b47da13da0e4ce18abab6a03cf3c36ce964b5"}
,"/Users/nemolangels/Library/CloudStorage/OneDrive-Uppsalauniversitet/Pluggmappen/PkDProjekt/lib/queue_array.js": {"path":"/Users/nemolangels/Library/CloudStorage/OneDrive-Uppsalauniversitet/Pluggmappen/PkDProjekt/lib/queue_array.js","statementMap":{"0":{"start":{"line":2,"column":0},"end":{"line":2,"column":62}},"1":{"start":{"line":3,"column":0},"end":{"line":3,"column":22}},"2":{"start":{"line":4,"column":0},"end":{"line":4,"column":28}},"3":{"start":{"line":5,"column":0},"end":{"line":5,"column":26}},"4":{"start":{"line":6,"column":0},"end":{"line":6,"column":20}},"5":{"start":{"line":7,"column":0},"end":{"line":7,"column":26}},"6":{"start":{"line":8,"column":0},"end":{"line":8,"column":38}},"7":{"start":{"line":15,"column":4},"end":{"line":15,"column":22}},"8":{"start":{"line":24,"column":4},"end":{"line":24,"column":25}},"9":{"start":{"line":34,"column":21},"end":{"line":34,"column":25}},"10":{"start":{"line":35,"column":4},"end":{"line":35,"column":25}},"11":{"start":{"line":36,"column":4},"end":{"line":36,"column":26}},"12":{"start":{"line":46,"column":21},"end":{"line":46,"column":25}},"13":{"start":{"line":47,"column":4},"end":{"line":47,"column":28}},"14":{"start":{"line":57,"column":21},"end":{"line":57,"column":25}},"15":{"start":{"line":58,"column":4},"end":{"line":58,"column":26}},"16":{"start":{"line":66,"column":4},"end":{"line":66,"column":40}}},"fnMap":{"0":{"name":"empty","decl":{"start":{"line":14,"column":9},"end":{"line":14,"column":14}},"loc":{"start":{"line":14,"column":17},"end":{"line":16,"column":1}},"line":14},"1":{"name":"is_empty","decl":{"start":{"line":23,"column":9},"end":{"line":23,"column":17}},"loc":{"start":{"line":23,"column":21},"end":{"line":25,"column":1}},"line":23},"2":{"name":"enqueue","decl":{"start":{"line":33,"column":9},"end":{"line":33,"column":16}},"loc":{"start":{"line":33,"column":23},"end":{"line":37,"column":1}},"line":33},"3":{"name":"head","decl":{"start":{"line":45,"column":9},"end":{"line":45,"column":13}},"loc":{"start":{"line":45,"column":17},"end":{"line":48,"column":1}},"line":45},"4":{"name":"dequeue","decl":{"start":{"line":56,"column":9},"end":{"line":56,"column":16}},"loc":{"start":{"line":56,"column":20},"end":{"line":59,"column":1}},"line":56},"5":{"name":"display_queue","decl":{"start":{"line":65,"column":9},"end":{"line":65,"column":22}},"loc":{"start":{"line":65,"column":26},"end":{"line":67,"column":1}},"line":65}},"branchMap":{},"s":{"0":1,"1":1,"2":1,"3":1,"4":1,"5":1,"6":1,"7":0,"8":0,"9":0,"10":0,"11":0,"12":0,"13":0,"14":0,"15":0,"16":0},"f":{"0":0,"1":0,"2":0,"3":0,"4":0,"5":0},"b":{},"_coverageSchema":"1a1c01bbd47fc00a2c39e90264f33305004495a9","hash":"e1d305fd352498480c62e639e97ce81e49c0460c"}
}
