{"C:\\Users\\hugos\\Documents\\git_tesst\\main.js": {"path":"C:\\Users\\hugos\\Documents\\git_tesst\\main.js","statementMap":{"0":{"start":{"line":2,"column":0},"end":{"line":2,"column":62}},"1":{"start":{"line":3,"column":0},"end":{"line":3,"column":48}},"2":{"start":{"line":4,"column":0},"end":{"line":4,"column":42}},"3":{"start":{"line":5,"column":0},"end":{"line":5,"column":60}},"4":{"start":{"line":6,"column":0},"end":{"line":6,"column":44}},"5":{"start":{"line":7,"column":0},"end":{"line":7,"column":50}},"6":{"start":{"line":8,"column":0},"end":{"line":8,"column":22}},"7":{"start":{"line":10,"column":13},"end":{"line":10,"column":30}},"8":{"start":{"line":11,"column":13},"end":{"line":11,"column":34}},"9":{"start":{"line":12,"column":20},"end":{"line":12,"column":48}},"10":{"start":{"line":13,"column":17},"end":{"line":13,"column":39}},"11":{"start":{"line":14,"column":13},"end":{"line":14,"column":14}},"12":{"start":{"line":15,"column":13},"end":{"line":15,"column":14}},"13":{"start":{"line":16,"column":16},"end":{"line":16,"column":57}},"14":{"start":{"line":19,"column":4},"end":{"line":25,"column":5}},"15":{"start":{"line":19,"column":17},"end":{"line":19,"column":18}},"16":{"start":{"line":20,"column":18},"end":{"line":20,"column":20}},"17":{"start":{"line":21,"column":8},"end":{"line":23,"column":9}},"18":{"start":{"line":21,"column":21},"end":{"line":21,"column":22}},"19":{"start":{"line":22,"column":12},"end":{"line":22,"column":44}},"20":{"start":{"line":24,"column":8},"end":{"line":24,"column":25}},"21":{"start":{"line":35,"column":12},"end":{"line":35,"column":17}},"22":{"start":{"line":35,"column":23},"end":{"line":35,"column":28}},"23":{"start":{"line":36,"column":25},"end":{"line":41,"column":49}},"24":{"start":{"line":41,"column":28},"end":{"line":41,"column":46}},"25":{"start":{"line":42,"column":4},"end":{"line":42,"column":26}},"26":{"start":{"line":52,"column":12},"end":{"line":52,"column":17}},"27":{"start":{"line":52,"column":23},"end":{"line":52,"column":28}},"28":{"start":{"line":54,"column":25},"end":{"line":54,"column":55}},"29":{"start":{"line":55,"column":4},"end":{"line":61,"column":5}},"30":{"start":{"line":55,"column":17},"end":{"line":55,"column":18}},"31":{"start":{"line":56,"column":8},"end":{"line":60,"column":9}},"32":{"start":{"line":58,"column":12},"end":{"line":58,"column":54}},"33":{"start":{"line":59,"column":12},"end":{"line":59,"column":126}},"34":{"start":{"line":62,"column":4},"end":{"line":62,"column":26}},"35":{"start":{"line":66,"column":18},"end":{"line":66,"column":29}},"36":{"start":{"line":67,"column":18},"end":{"line":67,"column":29}},"37":{"start":{"line":68,"column":4},"end":{"line":74,"column":5}},"38":{"start":{"line":68,"column":17},"end":{"line":68,"column":18}},"39":{"start":{"line":69,"column":8},"end":{"line":73,"column":9}},"40":{"start":{"line":69,"column":21},"end":{"line":69,"column":22}},"41":{"start":{"line":70,"column":12},"end":{"line":72,"column":13}},"42":{"start":{"line":71,"column":16},"end":{"line":71,"column":51}},"43":{"start":{"line":75,"column":4},"end":{"line":79,"column":5}},"44":{"start":{"line":75,"column":17},"end":{"line":75,"column":18}},"45":{"start":{"line":76,"column":8},"end":{"line":78,"column":9}},"46":{"start":{"line":77,"column":12},"end":{"line":77,"column":31}},"47":{"start":{"line":80,"column":4},"end":{"line":80,"column":16}},"48":{"start":{"line":89,"column":17},"end":{"line":89,"column":18}},"49":{"start":{"line":90,"column":4},"end":{"line":104,"column":5}},"50":{"start":{"line":90,"column":17},"end":{"line":90,"column":18}},"51":{"start":{"line":91,"column":8},"end":{"line":103,"column":9}},"52":{"start":{"line":91,"column":21},"end":{"line":91,"column":22}},"53":{"start":{"line":92,"column":35},"end":{"line":92,"column":88}},"54":{"start":{"line":93,"column":12},"end":{"line":101,"column":13}},"55":{"start":{"line":94,"column":16},"end":{"line":94,"column":74}},"56":{"start":{"line":96,"column":17},"end":{"line":101,"column":13}},"57":{"start":{"line":97,"column":16},"end":{"line":97,"column":75}},"58":{"start":{"line":99,"column":17},"end":{"line":101,"column":13}},"59":{"start":{"line":100,"column":16},"end":{"line":100,"column":77}},"60":{"start":{"line":105,"column":4},"end":{"line":105,"column":18}},"61":{"start":{"line":109,"column":12},"end":{"line":109,"column":17}},"62":{"start":{"line":109,"column":23},"end":{"line":109,"column":28}},"63":{"start":{"line":110,"column":25},"end":{"line":110,"column":82}},"64":{"start":{"line":111,"column":20},"end":{"line":111,"column":21}},"65":{"start":{"line":112,"column":4},"end":{"line":117,"column":5}},"66":{"start":{"line":112,"column":18},"end":{"line":112,"column":19}},"67":{"start":{"line":112,"column":40},"end":{"line":112,"column":54}},"68":{"start":{"line":113,"column":23},"end":{"line":113,"column":43}},"69":{"start":{"line":114,"column":8},"end":{"line":116,"column":9}},"70":{"start":{"line":115,"column":12},"end":{"line":115,"column":27}},"71":{"start":{"line":118,"column":17},"end":{"line":118,"column":26}},"72":{"start":{"line":119,"column":4},"end":{"line":119,"column":18}},"73":{"start":{"line":122,"column":12},"end":{"line":122,"column":17}},"74":{"start":{"line":122,"column":23},"end":{"line":122,"column":28}},"75":{"start":{"line":123,"column":4},"end":{"line":123,"column":13}},"76":{"start":{"line":126,"column":12},"end":{"line":126,"column":17}},"77":{"start":{"line":126,"column":23},"end":{"line":126,"column":28}},"78":{"start":{"line":127,"column":4},"end":{"line":127,"column":14}},"79":{"start":{"line":130,"column":4},"end":{"line":130,"column":43}},"80":{"start":{"line":138,"column":25},"end":{"line":138,"column":51}},"81":{"start":{"line":139,"column":4},"end":{"line":141,"column":5}},"82":{"start":{"line":139,"column":17},"end":{"line":139,"column":18}},"83":{"start":{"line":140,"column":8},"end":{"line":140,"column":94}},"84":{"start":{"line":142,"column":4},"end":{"line":142,"column":26}},"85":{"start":{"line":149,"column":22},"end":{"line":149,"column":24}},"86":{"start":{"line":150,"column":4},"end":{"line":156,"column":5}},"87":{"start":{"line":150,"column":17},"end":{"line":150,"column":18}},"88":{"start":{"line":151,"column":8},"end":{"line":155,"column":9}},"89":{"start":{"line":151,"column":21},"end":{"line":151,"column":22}},"90":{"start":{"line":152,"column":12},"end":{"line":154,"column":13}},"91":{"start":{"line":153,"column":16},"end":{"line":153,"column":57}},"92":{"start":{"line":157,"column":4},"end":{"line":161,"column":5}},"93":{"start":{"line":158,"column":26},"end":{"line":158,"column":71}},"94":{"start":{"line":159,"column":8},"end":{"line":159,"column":59}},"95":{"start":{"line":160,"column":8},"end":{"line":160,"column":77}},"96":{"start":{"line":171,"column":25},"end":{"line":171,"column":60}},"97":{"start":{"line":172,"column":4},"end":{"line":177,"column":5}},"98":{"start":{"line":172,"column":18},"end":{"line":172,"column":19}},"99":{"start":{"line":172,"column":40},"end":{"line":172,"column":54}},"100":{"start":{"line":173,"column":18},"end":{"line":173,"column":38}},"101":{"start":{"line":174,"column":8},"end":{"line":176,"column":9}},"102":{"start":{"line":175,"column":12},"end":{"line":175,"column":24}},"103":{"start":{"line":178,"column":4},"end":{"line":178,"column":17}},"104":{"start":{"line":187,"column":25},"end":{"line":187,"column":27}},"105":{"start":{"line":188,"column":4},"end":{"line":202,"column":5}},"106":{"start":{"line":188,"column":17},"end":{"line":188,"column":18}},"107":{"start":{"line":189,"column":8},"end":{"line":201,"column":9}},"108":{"start":{"line":189,"column":21},"end":{"line":189,"column":22}},"109":{"start":{"line":190,"column":12},"end":{"line":200,"column":13}},"110":{"start":{"line":191,"column":37},"end":{"line":191,"column":83}},"111":{"start":{"line":192,"column":16},"end":{"line":199,"column":17}},"112":{"start":{"line":193,"column":38},"end":{"line":193,"column":89}},"113":{"start":{"line":194,"column":35},"end":{"line":194,"column":77}},"114":{"start":{"line":195,"column":20},"end":{"line":198,"column":21}},"115":{"start":{"line":197,"column":24},"end":{"line":197,"column":57}},"116":{"start":{"line":203,"column":4},"end":{"line":206,"column":5}},"117":{"start":{"line":203,"column":18},"end":{"line":203,"column":19}},"118":{"start":{"line":203,"column":40},"end":{"line":203,"column":54}},"119":{"start":{"line":204,"column":19},"end":{"line":204,"column":39}},"120":{"start":{"line":205,"column":8},"end":{"line":205,"column":52}},"121":{"start":{"line":207,"column":4},"end":{"line":209,"column":5}},"122":{"start":{"line":208,"column":8},"end":{"line":208,"column":64}},"123":{"start":{"line":219,"column":4},"end":{"line":222,"column":5}},"124":{"start":{"line":220,"column":8},"end":{"line":220,"column":103}},"125":{"start":{"line":221,"column":8},"end":{"line":221,"column":27}},"126":{"start":{"line":225,"column":29},"end":{"line":225,"column":64}},"127":{"start":{"line":226,"column":8},"end":{"line":231,"column":9}},"128":{"start":{"line":226,"column":22},"end":{"line":226,"column":23}},"129":{"start":{"line":226,"column":44},"end":{"line":226,"column":58}},"130":{"start":{"line":227,"column":22},"end":{"line":227,"column":42}},"131":{"start":{"line":228,"column":12},"end":{"line":230,"column":13}},"132":{"start":{"line":229,"column":16},"end":{"line":229,"column":59}},"133":{"start":{"line":233,"column":4},"end":{"line":242,"column":5}},"134":{"start":{"line":234,"column":8},"end":{"line":234,"column":59}},"135":{"start":{"line":235,"column":8},"end":{"line":235,"column":52}},"136":{"start":{"line":236,"column":8},"end":{"line":236,"column":119}},"137":{"start":{"line":237,"column":8},"end":{"line":237,"column":31}},"138":{"start":{"line":240,"column":8},"end":{"line":240,"column":77}},"139":{"start":{"line":241,"column":8},"end":{"line":241,"column":27}},"140":{"start":{"line":254,"column":4},"end":{"line":268,"column":5}},"141":{"start":{"line":255,"column":8},"end":{"line":259,"column":9}},"142":{"start":{"line":256,"column":12},"end":{"line":256,"column":63}},"143":{"start":{"line":257,"column":12},"end":{"line":257,"column":106}},"144":{"start":{"line":258,"column":12},"end":{"line":258,"column":24}},"145":{"start":{"line":260,"column":8},"end":{"line":267,"column":9}},"146":{"start":{"line":261,"column":12},"end":{"line":261,"column":62}},"147":{"start":{"line":262,"column":12},"end":{"line":262,"column":24}},"148":{"start":{"line":265,"column":12},"end":{"line":265,"column":64}},"149":{"start":{"line":266,"column":12},"end":{"line":266,"column":25}},"150":{"start":{"line":269,"column":4},"end":{"line":277,"column":5}},"151":{"start":{"line":270,"column":8},"end":{"line":270,"column":81}},"152":{"start":{"line":271,"column":8},"end":{"line":271,"column":103}},"153":{"start":{"line":272,"column":8},"end":{"line":272,"column":20}},"154":{"start":{"line":275,"column":8},"end":{"line":275,"column":60}},"155":{"start":{"line":276,"column":8},"end":{"line":276,"column":21}},"156":{"start":{"line":283,"column":19},"end":{"line":283,"column":57}},"157":{"start":{"line":284,"column":23},"end":{"line":284,"column":28}},"158":{"start":{"line":285,"column":20},"end":{"line":285,"column":21}},"159":{"start":{"line":286,"column":22},"end":{"line":286,"column":23}},"160":{"start":{"line":287,"column":17},"end":{"line":287,"column":29}},"161":{"start":{"line":288,"column":25},"end":{"line":288,"column":49}},"162":{"start":{"line":289,"column":4},"end":{"line":306,"column":5}},"163":{"start":{"line":290,"column":8},"end":{"line":290,"column":45}},"164":{"start":{"line":291,"column":8},"end":{"line":291,"column":52}},"165":{"start":{"line":292,"column":26},"end":{"line":292,"column":36}},"166":{"start":{"line":293,"column":8},"end":{"line":305,"column":9}},"167":{"start":{"line":294,"column":12},"end":{"line":294,"column":53}},"168":{"start":{"line":295,"column":12},"end":{"line":295,"column":21}},"169":{"start":{"line":297,"column":13},"end":{"line":305,"column":9}},"170":{"start":{"line":298,"column":12},"end":{"line":298,"column":32}},"171":{"start":{"line":300,"column":13},"end":{"line":305,"column":9}},"172":{"start":{"line":301,"column":12},"end":{"line":301,"column":509}},"173":{"start":{"line":302,"column":12},"end":{"line":302,"column":709}},"174":{"start":{"line":303,"column":12},"end":{"line":303,"column":59}},"175":{"start":{"line":304,"column":32},"end":{"line":304,"column":42}},"176":{"start":{"line":307,"column":4},"end":{"line":307,"column":30}},"177":{"start":{"line":308,"column":4},"end":{"line":352,"column":5}},"178":{"start":{"line":309,"column":8},"end":{"line":309,"column":25}},"179":{"start":{"line":310,"column":8},"end":{"line":310,"column":30}},"180":{"start":{"line":311,"column":8},"end":{"line":311,"column":47}},"181":{"start":{"line":312,"column":8},"end":{"line":312,"column":52}},"182":{"start":{"line":313,"column":8},"end":{"line":313,"column":25}},"183":{"start":{"line":314,"column":31},"end":{"line":314,"column":70}},"184":{"start":{"line":315,"column":8},"end":{"line":315,"column":68}},"185":{"start":{"line":316,"column":26},"end":{"line":316,"column":109}},"186":{"start":{"line":317,"column":8},"end":{"line":320,"column":9}},"187":{"start":{"line":318,"column":12},"end":{"line":318,"column":53}},"188":{"start":{"line":319,"column":12},"end":{"line":319,"column":21}},"189":{"start":{"line":321,"column":8},"end":{"line":336,"column":9}},"190":{"start":{"line":322,"column":37},"end":{"line":322,"column":74}},"191":{"start":{"line":323,"column":21},"end":{"line":323,"column":62}},"192":{"start":{"line":323,"column":70},"end":{"line":323,"column":75}},"193":{"start":{"line":323,"column":83},"end":{"line":323,"column":88}},"194":{"start":{"line":324,"column":12},"end":{"line":327,"column":13}},"195":{"start":{"line":325,"column":16},"end":{"line":325,"column":73}},"196":{"start":{"line":326,"column":16},"end":{"line":326,"column":25}},"197":{"start":{"line":328,"column":34},"end":{"line":328,"column":104}},"198":{"start":{"line":329,"column":12},"end":{"line":335,"column":13}},"199":{"start":{"line":330,"column":16},"end":{"line":330,"column":46}},"200":{"start":{"line":331,"column":16},"end":{"line":331,"column":25}},"201":{"start":{"line":334,"column":16},"end":{"line":334,"column":25}},"202":{"start":{"line":337,"column":31},"end":{"line":337,"column":71}},"203":{"start":{"line":338,"column":17},"end":{"line":338,"column":56}},"204":{"start":{"line":338,"column":62},"end":{"line":338,"column":67}},"205":{"start":{"line":338,"column":73},"end":{"line":338,"column":78}},"206":{"start":{"line":339,"column":8},"end":{"line":342,"column":9}},"207":{"start":{"line":340,"column":12},"end":{"line":340,"column":69}},"208":{"start":{"line":341,"column":12},"end":{"line":341,"column":21}},"209":{"start":{"line":343,"column":8},"end":{"line":345,"column":9}},"210":{"start":{"line":344,"column":12},"end":{"line":344,"column":21}},"211":{"start":{"line":346,"column":8},"end":{"line":346,"column":51}},"212":{"start":{"line":347,"column":8},"end":{"line":347,"column":51}},"213":{"start":{"line":348,"column":8},"end":{"line":348,"column":23}},"214":{"start":{"line":349,"column":8},"end":{"line":349,"column":94}},"215":{"start":{"line":350,"column":8},"end":{"line":350,"column":35}}},"fnMap":{"0":{"name":"display_map","decl":{"start":{"line":18,"column":9},"end":{"line":18,"column":20}},"loc":{"start":{"line":18,"column":26},"end":{"line":26,"column":1}},"line":18},"1":{"name":"neighboring_tiles","decl":{"start":{"line":34,"column":9},"end":{"line":34,"column":26}},"loc":{"start":{"line":34,"column":36},"end":{"line":43,"column":1}},"line":34},"2":{"name":"(anonymous_2)","decl":{"start":{"line":41,"column":13},"end":{"line":41,"column":14}},"loc":{"start":{"line":41,"column":26},"end":{"line":41,"column":48}},"line":41},"3":{"name":"neighboring_tiles_including_roads","decl":{"start":{"line":51,"column":9},"end":{"line":51,"column":42}},"loc":{"start":{"line":51,"column":61},"end":{"line":63,"column":1}},"line":51},"4":{"name":"merge_arrays","decl":{"start":{"line":65,"column":9},"end":{"line":65,"column":21}},"loc":{"start":{"line":65,"column":34},"end":{"line":81,"column":1}},"line":65},"5":{"name":"count_total_points","decl":{"start":{"line":88,"column":9},"end":{"line":88,"column":27}},"loc":{"start":{"line":88,"column":33},"end":{"line":106,"column":1}},"line":88},"6":{"name":"count_points_church","decl":{"start":{"line":108,"column":9},"end":{"line":108,"column":28}},"loc":{"start":{"line":108,"column":38},"end":{"line":120,"column":1}},"line":108},"7":{"name":"count_points_house","decl":{"start":{"line":121,"column":9},"end":{"line":121,"column":27}},"loc":{"start":{"line":121,"column":37},"end":{"line":124,"column":1}},"line":121},"8":{"name":"count_points_fortress","decl":{"start":{"line":125,"column":9},"end":{"line":125,"column":30}},"loc":{"start":{"line":125,"column":40},"end":{"line":128,"column":1}},"line":125},"9":{"name":"getRandomInt","decl":{"start":{"line":129,"column":9},"end":{"line":129,"column":21}},"loc":{"start":{"line":129,"column":27},"end":{"line":131,"column":1}},"line":129},"10":{"name":"create_building_queue","decl":{"start":{"line":137,"column":9},"end":{"line":137,"column":30}},"loc":{"start":{"line":137,"column":38},"end":{"line":143,"column":1}},"line":137},"11":{"name":"spawn_barbarian","decl":{"start":{"line":148,"column":9},"end":{"line":148,"column":24}},"loc":{"start":{"line":148,"column":30},"end":{"line":162,"column":1}},"line":148},"12":{"name":"is_protected_by_fortress","decl":{"start":{"line":170,"column":9},"end":{"line":170,"column":33}},"loc":{"start":{"line":170,"column":52},"end":{"line":179,"column":1}},"line":170},"13":{"name":"spread_barbarian","decl":{"start":{"line":186,"column":9},"end":{"line":186,"column":25}},"loc":{"start":{"line":186,"column":31},"end":{"line":210,"column":1}},"line":186},"14":{"name":"upgrade_to_fortress","decl":{"start":{"line":218,"column":9},"end":{"line":218,"column":28}},"loc":{"start":{"line":218,"column":60},"end":{"line":243,"column":1}},"line":218},"15":{"name":"clear_adjacent_barbarians","decl":{"start":{"line":224,"column":13},"end":{"line":224,"column":38}},"loc":{"start":{"line":224,"column":57},"end":{"line":232,"column":5}},"line":224},"16":{"name":"place","decl":{"start":{"line":253,"column":9},"end":{"line":253,"column":14}},"loc":{"start":{"line":253,"column":43},"end":{"line":278,"column":1}},"line":253},"17":{"name":"main","decl":{"start":{"line":282,"column":9},"end":{"line":282,"column":13}},"loc":{"start":{"line":282,"column":16},"end":{"line":353,"column":1}},"line":282}},"branchMap":{"0":{"loc":{"start":{"line":37,"column":8},"end":{"line":37,"column":58}},"type":"cond-expr","locations":[{"start":{"line":37,"column":25},"end":{"line":37,"column":51}},{"start":{"line":37,"column":54},"end":{"line":37,"column":58}}],"line":37},"1":{"loc":{"start":{"line":38,"column":8},"end":{"line":38,"column":54}},"type":"cond-expr","locations":[{"start":{"line":38,"column":21},"end":{"line":38,"column":47}},{"start":{"line":38,"column":50},"end":{"line":38,"column":54}}],"line":38},"2":{"loc":{"start":{"line":39,"column":8},"end":{"line":39,"column":58}},"type":"cond-expr","locations":[{"start":{"line":39,"column":25},"end":{"line":39,"column":51}},{"start":{"line":39,"column":54},"end":{"line":39,"column":58}}],"line":39},"3":{"loc":{"start":{"line":40,"column":8},"end":{"line":40,"column":54}},"type":"cond-expr","locations":[{"start":{"line":40,"column":21},"end":{"line":40,"column":47}},{"start":{"line":40,"column":50},"end":{"line":40,"column":54}}],"line":40},"4":{"loc":{"start":{"line":56,"column":8},"end":{"line":60,"column":9}},"type":"if","locations":[{"start":{"line":56,"column":8},"end":{"line":60,"column":9}},{"start":{},"end":{}}],"line":56},"5":{"loc":{"start":{"line":56,"column":12},"end":{"line":57,"column":57}},"type":"binary-expr","locations":[{"start":{"line":56,"column":12},"end":{"line":56,"column":68}},{"start":{"line":57,"column":15},"end":{"line":57,"column":57}}],"line":56},"6":{"loc":{"start":{"line":70,"column":12},"end":{"line":72,"column":13}},"type":"if","locations":[{"start":{"line":70,"column":12},"end":{"line":72,"column":13}},{"start":{},"end":{}}],"line":70},"7":{"loc":{"start":{"line":76,"column":8},"end":{"line":78,"column":9}},"type":"if","locations":[{"start":{"line":76,"column":8},"end":{"line":78,"column":9}},{"start":{},"end":{}}],"line":76},"8":{"loc":{"start":{"line":93,"column":12},"end":{"line":101,"column":13}},"type":"if","locations":[{"start":{"line":93,"column":12},"end":{"line":101,"column":13}},{"start":{"line":96,"column":17},"end":{"line":101,"column":13}}],"line":93},"9":{"loc":{"start":{"line":96,"column":17},"end":{"line":101,"column":13}},"type":"if","locations":[{"start":{"line":96,"column":17},"end":{"line":101,"column":13}},{"start":{"line":99,"column":17},"end":{"line":101,"column":13}}],"line":96},"10":{"loc":{"start":{"line":99,"column":17},"end":{"line":101,"column":13}},"type":"if","locations":[{"start":{"line":99,"column":17},"end":{"line":101,"column":13}},{"start":{},"end":{}}],"line":99},"11":{"loc":{"start":{"line":114,"column":8},"end":{"line":116,"column":9}},"type":"if","locations":[{"start":{"line":114,"column":8},"end":{"line":116,"column":9}},{"start":{},"end":{}}],"line":114},"12":{"loc":{"start":{"line":114,"column":12},"end":{"line":114,"column":110}},"type":"binary-expr","locations":[{"start":{"line":114,"column":12},"end":{"line":114,"column":59}},{"start":{"line":114,"column":63},"end":{"line":114,"column":110}}],"line":114},"13":{"loc":{"start":{"line":152,"column":12},"end":{"line":154,"column":13}},"type":"if","locations":[{"start":{"line":152,"column":12},"end":{"line":154,"column":13}},{"start":{},"end":{}}],"line":152},"14":{"loc":{"start":{"line":157,"column":4},"end":{"line":161,"column":5}},"type":"if","locations":[{"start":{"line":157,"column":4},"end":{"line":161,"column":5}},{"start":{},"end":{}}],"line":157},"15":{"loc":{"start":{"line":174,"column":8},"end":{"line":176,"column":9}},"type":"if","locations":[{"start":{"line":174,"column":8},"end":{"line":176,"column":9}},{"start":{},"end":{}}],"line":174},"16":{"loc":{"start":{"line":190,"column":12},"end":{"line":200,"column":13}},"type":"if","locations":[{"start":{"line":190,"column":12},"end":{"line":200,"column":13}},{"start":{},"end":{}}],"line":190},"17":{"loc":{"start":{"line":192,"column":16},"end":{"line":199,"column":17}},"type":"if","locations":[{"start":{"line":192,"column":16},"end":{"line":199,"column":17}},{"start":{},"end":{}}],"line":192},"18":{"loc":{"start":{"line":195,"column":20},"end":{"line":198,"column":21}},"type":"if","locations":[{"start":{"line":195,"column":20},"end":{"line":198,"column":21}},{"start":{},"end":{}}],"line":195},"19":{"loc":{"start":{"line":195,"column":24},"end":{"line":196,"column":70}},"type":"binary-expr","locations":[{"start":{"line":195,"column":25},"end":{"line":195,"column":41}},{"start":{"line":195,"column":45},"end":{"line":195,"column":61}},{"start":{"line":195,"column":65},"end":{"line":195,"column":81}},{"start":{"line":196,"column":27},"end":{"line":196,"column":70}}],"line":195},"20":{"loc":{"start":{"line":207,"column":4},"end":{"line":209,"column":5}},"type":"if","locations":[{"start":{"line":207,"column":4},"end":{"line":209,"column":5}},{"start":{},"end":{}}],"line":207},"21":{"loc":{"start":{"line":219,"column":4},"end":{"line":222,"column":5}},"type":"if","locations":[{"start":{"line":219,"column":4},"end":{"line":222,"column":5}},{"start":{},"end":{}}],"line":219},"22":{"loc":{"start":{"line":228,"column":12},"end":{"line":230,"column":13}},"type":"if","locations":[{"start":{"line":228,"column":12},"end":{"line":230,"column":13}},{"start":{},"end":{}}],"line":228},"23":{"loc":{"start":{"line":233,"column":4},"end":{"line":242,"column":5}},"type":"if","locations":[{"start":{"line":233,"column":4},"end":{"line":242,"column":5}},{"start":{"line":239,"column":9},"end":{"line":242,"column":5}}],"line":233},"24":{"loc":{"start":{"line":254,"column":4},"end":{"line":268,"column":5}},"type":"if","locations":[{"start":{"line":254,"column":4},"end":{"line":268,"column":5}},{"start":{},"end":{}}],"line":254},"25":{"loc":{"start":{"line":255,"column":8},"end":{"line":259,"column":9}},"type":"if","locations":[{"start":{"line":255,"column":8},"end":{"line":259,"column":9}},{"start":{},"end":{}}],"line":255},"26":{"loc":{"start":{"line":260,"column":8},"end":{"line":267,"column":9}},"type":"if","locations":[{"start":{"line":260,"column":8},"end":{"line":267,"column":9}},{"start":{"line":264,"column":13},"end":{"line":267,"column":9}}],"line":260},"27":{"loc":{"start":{"line":269,"column":4},"end":{"line":277,"column":5}},"type":"if","locations":[{"start":{"line":269,"column":4},"end":{"line":277,"column":5}},{"start":{"line":274,"column":9},"end":{"line":277,"column":5}}],"line":269},"28":{"loc":{"start":{"line":293,"column":8},"end":{"line":305,"column":9}},"type":"if","locations":[{"start":{"line":293,"column":8},"end":{"line":305,"column":9}},{"start":{"line":297,"column":13},"end":{"line":305,"column":9}}],"line":293},"29":{"loc":{"start":{"line":293,"column":12},"end":{"line":293,"column":54}},"type":"binary-expr","locations":[{"start":{"line":293,"column":12},"end":{"line":293,"column":31}},{"start":{"line":293,"column":35},"end":{"line":293,"column":54}}],"line":293},"30":{"loc":{"start":{"line":297,"column":13},"end":{"line":305,"column":9}},"type":"if","locations":[{"start":{"line":297,"column":13},"end":{"line":305,"column":9}},{"start":{"line":300,"column":13},"end":{"line":305,"column":9}}],"line":297},"31":{"loc":{"start":{"line":300,"column":13},"end":{"line":305,"column":9}},"type":"if","locations":[{"start":{"line":300,"column":13},"end":{"line":305,"column":9}},{"start":{},"end":{}}],"line":300},"32":{"loc":{"start":{"line":317,"column":8},"end":{"line":320,"column":9}},"type":"if","locations":[{"start":{"line":317,"column":8},"end":{"line":320,"column":9}},{"start":{},"end":{}}],"line":317},"33":{"loc":{"start":{"line":317,"column":12},"end":{"line":317,"column":54}},"type":"binary-expr","locations":[{"start":{"line":317,"column":12},"end":{"line":317,"column":31}},{"start":{"line":317,"column":35},"end":{"line":317,"column":54}}],"line":317},"34":{"loc":{"start":{"line":321,"column":8},"end":{"line":336,"column":9}},"type":"if","locations":[{"start":{"line":321,"column":8},"end":{"line":336,"column":9}},{"start":{},"end":{}}],"line":321},"35":{"loc":{"start":{"line":324,"column":12},"end":{"line":327,"column":13}},"type":"if","locations":[{"start":{"line":324,"column":12},"end":{"line":327,"column":13}},{"start":{},"end":{}}],"line":324},"36":{"loc":{"start":{"line":324,"column":16},"end":{"line":324,"column":96}},"type":"binary-expr","locations":[{"start":{"line":324,"column":16},"end":{"line":324,"column":23}},{"start":{"line":324,"column":27},"end":{"line":324,"column":34}},{"start":{"line":324,"column":38},"end":{"line":324,"column":51}},{"start":{"line":324,"column":55},"end":{"line":324,"column":68}},{"start":{"line":324,"column":72},"end":{"line":324,"column":82}},{"start":{"line":324,"column":86},"end":{"line":324,"column":96}}],"line":324},"37":{"loc":{"start":{"line":329,"column":12},"end":{"line":335,"column":13}},"type":"if","locations":[{"start":{"line":329,"column":12},"end":{"line":335,"column":13}},{"start":{"line":333,"column":17},"end":{"line":335,"column":13}}],"line":329},"38":{"loc":{"start":{"line":339,"column":8},"end":{"line":342,"column":9}},"type":"if","locations":[{"start":{"line":339,"column":8},"end":{"line":342,"column":9}},{"start":{},"end":{}}],"line":339},"39":{"loc":{"start":{"line":339,"column":12},"end":{"line":339,"column":80}},"type":"binary-expr","locations":[{"start":{"line":339,"column":12},"end":{"line":339,"column":17}},{"start":{"line":339,"column":21},"end":{"line":339,"column":26}},{"start":{"line":339,"column":30},"end":{"line":339,"column":41}},{"start":{"line":339,"column":45},"end":{"line":339,"column":56}},{"start":{"line":339,"column":60},"end":{"line":339,"column":68}},{"start":{"line":339,"column":72},"end":{"line":339,"column":80}}],"line":339},"40":{"loc":{"start":{"line":343,"column":8},"end":{"line":345,"column":9}},"type":"if","locations":[{"start":{"line":343,"column":8},"end":{"line":345,"column":9}},{"start":{},"end":{}}],"line":343}},"s":{"0":1,"1":1,"2":1,"3":1,"4":1,"5":1,"6":1,"7":1,"8":1,"9":1,"10":1,"11":1,"12":1,"13":1,"14":0,"15":0,"16":0,"17":0,"18":0,"19":0,"20":0,"21":5,"22":5,"23":5,"24":20,"25":5,"26":2,"27":2,"28":2,"29":2,"30":2,"31":12,"32":1,"33":1,"34":2,"35":1,"36":1,"37":1,"38":1,"39":4,"40":4,"41":16,"42":0,"43":1,"44":1,"45":4,"46":4,"47":1,"48":1,"49":1,"50":1,"51":4,"52":4,"53":16,"54":16,"55":1,"56":15,"57":1,"58":14,"59":0,"60":1,"61":1,"62":1,"63":1,"64":1,"65":1,"66":1,"67":1,"68":8,"69":8,"70":1,"71":1,"72":1,"73":1,"74":1,"75":1,"76":0,"77":0,"78":0,"79":1,"80":0,"81":0,"82":0,"83":0,"84":0,"85":1,"86":1,"87":1,"88":1,"89":1,"90":1,"91":1,"92":1,"93":1,"94":1,"95":1,"96":1,"97":1,"98":1,"99":1,"100":2,"101":2,"102":1,"103":0,"104":0,"105":0,"106":0,"107":0,"108":0,"109":0,"110":0,"111":0,"112":0,"113":0,"114":0,"115":0,"116":0,"117":0,"118":0,"119":0,"120":0,"121":0,"122":0,"123":4,"124":1,"125":1,"126":2,"127":2,"128":2,"129":2,"130":4,"131":4,"132":1,"133":3,"134":2,"135":2,"136":2,"137":2,"138":1,"139":1,"140":4,"141":1,"142":1,"143":1,"144":1,"145":0,"146":0,"147":0,"148":0,"149":0,"150":3,"151":3,"152":3,"153":3,"154":0,"155":0,"156":0,"157":0,"158":0,"159":0,"160":0,"161":0,"162":0,"163":0,"164":0,"165":0,"166":0,"167":0,"168":0,"169":0,"170":0,"171":0,"172":0,"173":0,"174":0,"175":0,"176":0,"177":0,"178":0,"179":0,"180":0,"181":0,"182":0,"183":0,"184":0,"185":0,"186":0,"187":0,"188":0,"189":0,"190":0,"191":0,"192":0,"193":0,"194":0,"195":0,"196":0,"197":0,"198":0,"199":0,"200":0,"201":0,"202":0,"203":0,"204":0,"205":0,"206":0,"207":0,"208":0,"209":0,"210":0,"211":0,"212":0,"213":0,"214":0,"215":0},"f":{"0":0,"1":5,"2":20,"3":2,"4":1,"5":1,"6":1,"7":1,"8":0,"9":1,"10":0,"11":1,"12":1,"13":0,"14":4,"15":2,"16":4,"17":0},"b":{"0":[5,0],"1":[3,2],"2":[5,0],"3":[2,3],"4":[1,11],"5":[12,1],"6":[0,16],"7":[4,0],"8":[1,15],"9":[1,14],"10":[0,14],"11":[1,7],"12":[8,7],"13":[1,0],"14":[1,0],"15":[1,1],"16":[0,0],"17":[0,0],"18":[0,0],"19":[0,0,0,0],"20":[0,0],"21":[1,3],"22":[1,3],"23":[2,1],"24":[1,3],"25":[1,0],"26":[0,0],"27":[3,0],"28":[0,0],"29":[0,0],"30":[0,0],"31":[0,0],"32":[0,0],"33":[0,0],"34":[0,0],"35":[0,0],"36":[0,0,0,0,0,0],"37":[0,0],"38":[0,0],"39":[0,0,0,0,0,0],"40":[0,0]},"inputSourceMap":null,"_coverageSchema":"1a1c01bbd47fc00a2c39e90264f33305004495a9","hash":"0da1f1181d9be56e5784dc9217fe11455089edc8"}
,"C:\\Users\\hugos\\Documents\\git_tesst\\maps.js": {"path":"C:\\Users\\hugos\\Documents\\git_tesst\\maps.js","statementMap":{"0":{"start":{"line":2,"column":0},"end":{"line":2,"column":62}},"1":{"start":{"line":3,"column":0},"end":{"line":3,"column":32}},"2":{"start":{"line":4,"column":0},"end":{"line":4,"column":42}},"3":{"start":{"line":5,"column":0},"end":{"line":5,"column":36}},"4":{"start":{"line":6,"column":0},"end":{"line":6,"column":36}},"5":{"start":{"line":7,"column":0},"end":{"line":7,"column":30}},"6":{"start":{"line":8,"column":13},"end":{"line":8,"column":34}},"7":{"start":{"line":17,"column":17},"end":{"line":17,"column":19}},"8":{"start":{"line":18,"column":4},"end":{"line":28,"column":5}},"9":{"start":{"line":18,"column":17},"end":{"line":18,"column":18}},"10":{"start":{"line":19,"column":8},"end":{"line":19,"column":23}},"11":{"start":{"line":20,"column":8},"end":{"line":27,"column":9}},"12":{"start":{"line":20,"column":21},"end":{"line":20,"column":22}},"13":{"start":{"line":21,"column":12},"end":{"line":26,"column":13}},"14":{"start":{"line":22,"column":16},"end":{"line":22,"column":101}},"15":{"start":{"line":25,"column":16},"end":{"line":25,"column":101}},"16":{"start":{"line":29,"column":4},"end":{"line":29,"column":18}},"17":{"start":{"line":33,"column":4},"end":{"line":33,"column":80}},"18":{"start":{"line":37,"column":4},"end":{"line":37,"column":74}},"19":{"start":{"line":41,"column":4},"end":{"line":41,"column":76}},"20":{"start":{"line":45,"column":4},"end":{"line":45,"column":73}}},"fnMap":{"0":{"name":"create_map","decl":{"start":{"line":16,"column":9},"end":{"line":16,"column":19}},"loc":{"start":{"line":16,"column":36},"end":{"line":30,"column":1}},"line":16},"1":{"name":"change_property","decl":{"start":{"line":32,"column":9},"end":{"line":32,"column":24}},"loc":{"start":{"line":32,"column":48},"end":{"line":34,"column":1}},"line":32},"2":{"name":"change_biome","decl":{"start":{"line":36,"column":9},"end":{"line":36,"column":21}},"loc":{"start":{"line":36,"column":42},"end":{"line":38,"column":1}},"line":36},"3":{"name":"get_property","decl":{"start":{"line":40,"column":9},"end":{"line":40,"column":21}},"loc":{"start":{"line":40,"column":35},"end":{"line":42,"column":1}},"line":40},"4":{"name":"get_biome","decl":{"start":{"line":44,"column":9},"end":{"line":44,"column":18}},"loc":{"start":{"line":44,"column":32},"end":{"line":46,"column":1}},"line":44}},"branchMap":{"0":{"loc":{"start":{"line":21,"column":12},"end":{"line":26,"column":13}},"type":"if","locations":[{"start":{"line":21,"column":12},"end":{"line":26,"column":13}},{"start":{"line":24,"column":17},"end":{"line":26,"column":13}}],"line":21}},"s":{"0":1,"1":1,"2":1,"3":1,"4":1,"5":1,"6":1,"7":8,"8":8,"9":8,"10":16,"11":16,"12":16,"13":42,"14":3,"15":39,"16":8,"17":21,"18":0,"19":58,"20":0},"f":{"0":8,"1":21,"2":0,"3":58,"4":0},"b":{"0":[3,39]},"inputSourceMap":null,"_coverageSchema":"1a1c01bbd47fc00a2c39e90264f33305004495a9","hash":"8b63983c7735b2f8af850c3ce66887973e856dad"}
,"C:\\Users\\hugos\\Documents\\git_tesst\\lib\\list.js": {"path":"C:\\Users\\hugos\\Documents\\git_tesst\\lib\\list.js","statementMap":{"0":{"start":{"line":3,"column":0},"end":{"line":3,"column":62}},"1":{"start":{"line":4,"column":0},"end":{"line":4,"column":20}},"2":{"start":{"line":5,"column":0},"end":{"line":5,"column":20}},"3":{"start":{"line":6,"column":0},"end":{"line":6,"column":20}},"4":{"start":{"line":7,"column":0},"end":{"line":7,"column":26}},"5":{"start":{"line":8,"column":0},"end":{"line":8,"column":20}},"6":{"start":{"line":9,"column":0},"end":{"line":9,"column":30}},"7":{"start":{"line":10,"column":0},"end":{"line":10,"column":24}},"8":{"start":{"line":11,"column":0},"end":{"line":11,"column":18}},"9":{"start":{"line":12,"column":0},"end":{"line":12,"column":32}},"10":{"start":{"line":13,"column":0},"end":{"line":13,"column":28}},"11":{"start":{"line":14,"column":0},"end":{"line":14,"column":26}},"12":{"start":{"line":15,"column":0},"end":{"line":15,"column":24}},"13":{"start":{"line":16,"column":0},"end":{"line":16,"column":24}},"14":{"start":{"line":17,"column":0},"end":{"line":17,"column":24}},"15":{"start":{"line":18,"column":0},"end":{"line":18,"column":32}},"16":{"start":{"line":19,"column":0},"end":{"line":19,"column":24}},"17":{"start":{"line":20,"column":0},"end":{"line":20,"column":18}},"18":{"start":{"line":21,"column":0},"end":{"line":21,"column":30}},"19":{"start":{"line":22,"column":0},"end":{"line":22,"column":28}},"20":{"start":{"line":23,"column":0},"end":{"line":23,"column":32}},"21":{"start":{"line":24,"column":0},"end":{"line":24,"column":30}},"22":{"start":{"line":25,"column":0},"end":{"line":25,"column":26}},"23":{"start":{"line":35,"column":4},"end":{"line":35,"column":20}},"24":{"start":{"line":43,"column":4},"end":{"line":43,"column":16}},"25":{"start":{"line":51,"column":4},"end":{"line":51,"column":16}},"26":{"start":{"line":59,"column":4},"end":{"line":59,"column":22}},"27":{"start":{"line":69,"column":19},"end":{"line":69,"column":21}},"28":{"start":{"line":70,"column":4},"end":{"line":72,"column":5}},"29":{"start":{"line":70,"column":18},"end":{"line":70,"column":19}},"30":{"start":{"line":71,"column":8},"end":{"line":71,"column":37}},"31":{"start":{"line":73,"column":14},"end":{"line":73,"column":18}},"32":{"start":{"line":74,"column":4},"end":{"line":76,"column":5}},"33":{"start":{"line":74,"column":17},"end":{"line":74,"column":36}},"34":{"start":{"line":75,"column":8},"end":{"line":75,"column":37}},"35":{"start":{"line":77,"column":4},"end":{"line":77,"column":15}},"36":{"start":{"line":86,"column":4},"end":{"line":86,"column":16}},"37":{"start":{"line":96,"column":17},"end":{"line":96,"column":24}},"38":{"start":{"line":97,"column":8},"end":{"line":99,"column":41}},"39":{"start":{"line":101,"column":4},"end":{"line":106,"column":5}},"40":{"start":{"line":102,"column":8},"end":{"line":102,"column":24}},"41":{"start":{"line":105,"column":8},"end":{"line":105,"column":41}},"42":{"start":{"line":117,"column":8},"end":{"line":117,"column":62}},"43":{"start":{"line":119,"column":4},"end":{"line":119,"column":26}},"44":{"start":{"line":132,"column":8},"end":{"line":134,"column":56}},"45":{"start":{"line":136,"column":4},"end":{"line":136,"column":29}},"46":{"start":{"line":148,"column":8},"end":{"line":150,"column":67}},"47":{"start":{"line":152,"column":4},"end":{"line":152,"column":41}},"48":{"start":{"line":163,"column":4},"end":{"line":166,"column":5}},"49":{"start":{"line":164,"column":8},"end":{"line":164,"column":22}},"50":{"start":{"line":165,"column":8},"end":{"line":165,"column":22}},"51":{"start":{"line":177,"column":8},"end":{"line":179,"column":71}},"52":{"start":{"line":181,"column":4},"end":{"line":181,"column":30}},"53":{"start":{"line":194,"column":8},"end":{"line":196,"column":88}},"54":{"start":{"line":196,"column":52},"end":{"line":196,"column":84}},"55":{"start":{"line":198,"column":4},"end":{"line":198,"column":57}},"56":{"start":{"line":198,"column":43},"end":{"line":198,"column":53}},"57":{"start":{"line":210,"column":4},"end":{"line":214,"column":37}},"58":{"start":{"line":227,"column":18},"end":{"line":227,"column":24}},"59":{"start":{"line":228,"column":18},"end":{"line":228,"column":25}},"60":{"start":{"line":229,"column":8},"end":{"line":233,"column":60}},"61":{"start":{"line":235,"column":4},"end":{"line":235,"column":35}},"62":{"start":{"line":248,"column":18},"end":{"line":248,"column":24}},"63":{"start":{"line":249,"column":18},"end":{"line":249,"column":25}},"64":{"start":{"line":250,"column":8},"end":{"line":254,"column":64}},"65":{"start":{"line":256,"column":4},"end":{"line":256,"column":36}},"66":{"start":{"line":269,"column":8},"end":{"line":273,"column":47}},"67":{"start":{"line":275,"column":4},"end":{"line":275,"column":35}},"68":{"start":{"line":285,"column":4},"end":{"line":285,"column":70}},"69":{"start":{"line":297,"column":18},"end":{"line":297,"column":25}},"70":{"start":{"line":298,"column":8},"end":{"line":300,"column":59}},"71":{"start":{"line":302,"column":4},"end":{"line":302,"column":40}},"72":{"start":{"line":314,"column":4},"end":{"line":318,"column":40}},"73":{"start":{"line":335,"column":8},"end":{"line":337,"column":97}},"74":{"start":{"line":337,"column":64},"end":{"line":337,"column":93}},"75":{"start":{"line":339,"column":4},"end":{"line":339,"column":68}},"76":{"start":{"line":339,"column":55},"end":{"line":339,"column":64}},"77":{"start":{"line":355,"column":4},"end":{"line":357,"column":55}},"78":{"start":{"line":366,"column":4},"end":{"line":366,"column":49}}},"fnMap":{"0":{"name":"pair","decl":{"start":{"line":34,"column":9},"end":{"line":34,"column":13}},"loc":{"start":{"line":34,"column":22},"end":{"line":36,"column":1}},"line":34},"1":{"name":"head","decl":{"start":{"line":42,"column":9},"end":{"line":42,"column":13}},"loc":{"start":{"line":42,"column":17},"end":{"line":44,"column":1}},"line":42},"2":{"name":"tail","decl":{"start":{"line":50,"column":9},"end":{"line":50,"column":13}},"loc":{"start":{"line":50,"column":17},"end":{"line":52,"column":1}},"line":50},"3":{"name":"is_null","decl":{"start":{"line":58,"column":9},"end":{"line":58,"column":16}},"loc":{"start":{"line":58,"column":20},"end":{"line":60,"column":1}},"line":58},"4":{"name":"list","decl":{"start":{"line":68,"column":9},"end":{"line":68,"column":13}},"loc":{"start":{"line":68,"column":16},"end":{"line":78,"column":1}},"line":68},"5":{"name":"empty_list","decl":{"start":{"line":85,"column":9},"end":{"line":85,"column":19}},"loc":{"start":{"line":85,"column":22},"end":{"line":87,"column":1}},"line":85},"6":{"name":"to_string","decl":{"start":{"line":94,"column":9},"end":{"line":94,"column":18}},"loc":{"start":{"line":94,"column":23},"end":{"line":107,"column":1}},"line":94},"7":{"name":"print","decl":{"start":{"line":95,"column":13},"end":{"line":95,"column":18}},"loc":{"start":{"line":95,"column":22},"end":{"line":100,"column":5}},"line":95},"8":{"name":"length","decl":{"start":{"line":115,"column":9},"end":{"line":115,"column":15}},"loc":{"start":{"line":115,"column":20},"end":{"line":120,"column":1}},"line":115},"9":{"name":"$length","decl":{"start":{"line":116,"column":13},"end":{"line":116,"column":20}},"loc":{"start":{"line":116,"column":30},"end":{"line":118,"column":5}},"line":116},"10":{"name":"map","decl":{"start":{"line":130,"column":9},"end":{"line":130,"column":12}},"loc":{"start":{"line":130,"column":20},"end":{"line":137,"column":1}},"line":130},"11":{"name":"$map","decl":{"start":{"line":131,"column":13},"end":{"line":131,"column":17}},"loc":{"start":{"line":131,"column":30},"end":{"line":135,"column":5}},"line":131},"12":{"name":"build_list","decl":{"start":{"line":146,"column":9},"end":{"line":146,"column":19}},"loc":{"start":{"line":146,"column":28},"end":{"line":153,"column":1}},"line":146},"13":{"name":"$build_list","decl":{"start":{"line":147,"column":13},"end":{"line":147,"column":24}},"loc":{"start":{"line":147,"column":48},"end":{"line":151,"column":5}},"line":147},"14":{"name":"for_each","decl":{"start":{"line":162,"column":9},"end":{"line":162,"column":17}},"loc":{"start":{"line":162,"column":27},"end":{"line":167,"column":1}},"line":162},"15":{"name":"reverse","decl":{"start":{"line":175,"column":9},"end":{"line":175,"column":16}},"loc":{"start":{"line":175,"column":21},"end":{"line":182,"column":1}},"line":175},"16":{"name":"$reverse","decl":{"start":{"line":176,"column":13},"end":{"line":176,"column":21}},"loc":{"start":{"line":176,"column":42},"end":{"line":180,"column":5}},"line":176},"17":{"name":"append","decl":{"start":{"line":192,"column":9},"end":{"line":192,"column":15}},"loc":{"start":{"line":192,"column":24},"end":{"line":199,"column":1}},"line":192},"18":{"name":"$append","decl":{"start":{"line":193,"column":13},"end":{"line":193,"column":20}},"loc":{"start":{"line":193,"column":35},"end":{"line":197,"column":5}},"line":193},"19":{"name":"(anonymous_19)","decl":{"start":{"line":196,"column":36},"end":{"line":196,"column":37}},"loc":{"start":{"line":196,"column":50},"end":{"line":196,"column":86}},"line":196},"20":{"name":"(anonymous_20)","decl":{"start":{"line":198,"column":27},"end":{"line":198,"column":28}},"loc":{"start":{"line":198,"column":41},"end":{"line":198,"column":55}},"line":198},"21":{"name":"member","decl":{"start":{"line":209,"column":9},"end":{"line":209,"column":15}},"loc":{"start":{"line":209,"column":26},"end":{"line":215,"column":1}},"line":209},"22":{"name":"remove","decl":{"start":{"line":224,"column":9},"end":{"line":224,"column":15}},"loc":{"start":{"line":224,"column":26},"end":{"line":236,"column":1}},"line":224},"23":{"name":"$remove","decl":{"start":{"line":225,"column":13},"end":{"line":225,"column":20}},"loc":{"start":{"line":225,"column":33},"end":{"line":234,"column":5}},"line":225},"24":{"name":"remove_all","decl":{"start":{"line":245,"column":9},"end":{"line":245,"column":19}},"loc":{"start":{"line":245,"column":27},"end":{"line":257,"column":1}},"line":245},"25":{"name":"$remove_all","decl":{"start":{"line":246,"column":13},"end":{"line":246,"column":24}},"loc":{"start":{"line":246,"column":37},"end":{"line":255,"column":5}},"line":246},"26":{"name":"filter","decl":{"start":{"line":267,"column":9},"end":{"line":267,"column":15}},"loc":{"start":{"line":267,"column":26},"end":{"line":276,"column":1}},"line":267},"27":{"name":"$filter","decl":{"start":{"line":268,"column":13},"end":{"line":268,"column":20}},"loc":{"start":{"line":268,"column":36},"end":{"line":274,"column":5}},"line":268},"28":{"name":"all","decl":{"start":{"line":284,"column":9},"end":{"line":284,"column":12}},"loc":{"start":{"line":284,"column":23},"end":{"line":286,"column":1}},"line":284},"29":{"name":"enum_list","decl":{"start":{"line":294,"column":9},"end":{"line":294,"column":18}},"loc":{"start":{"line":294,"column":31},"end":{"line":303,"column":1}},"line":294},"30":{"name":"$enum_list","decl":{"start":{"line":295,"column":13},"end":{"line":295,"column":23}},"loc":{"start":{"line":295,"column":41},"end":{"line":301,"column":5}},"line":295},"31":{"name":"list_ref","decl":{"start":{"line":313,"column":9},"end":{"line":313,"column":17}},"loc":{"start":{"line":313,"column":25},"end":{"line":319,"column":1}},"line":313},"32":{"name":"accumulate","decl":{"start":{"line":333,"column":9},"end":{"line":333,"column":19}},"loc":{"start":{"line":333,"column":37},"end":{"line":340,"column":1}},"line":333},"33":{"name":"$accumulate","decl":{"start":{"line":334,"column":13},"end":{"line":334,"column":24}},"loc":{"start":{"line":334,"column":48},"end":{"line":338,"column":5}},"line":334},"34":{"name":"(anonymous_34)","decl":{"start":{"line":337,"column":49},"end":{"line":337,"column":50}},"loc":{"start":{"line":337,"column":62},"end":{"line":337,"column":95}},"line":337},"35":{"name":"(anonymous_35)","decl":{"start":{"line":339,"column":40},"end":{"line":339,"column":41}},"loc":{"start":{"line":339,"column":53},"end":{"line":339,"column":66}},"line":339},"36":{"name":"fold_left","decl":{"start":{"line":354,"column":9},"end":{"line":354,"column":18}},"loc":{"start":{"line":354,"column":35},"end":{"line":358,"column":1}},"line":354},"37":{"name":"flatten","decl":{"start":{"line":365,"column":9},"end":{"line":365,"column":16}},"loc":{"start":{"line":365,"column":22},"end":{"line":367,"column":1}},"line":365}},"branchMap":{"0":{"loc":{"start":{"line":97,"column":15},"end":{"line":99,"column":40}},"type":"cond-expr","locations":[{"start":{"line":98,"column":14},"end":{"line":98,"column":26}},{"start":{"line":99,"column":14},"end":{"line":99,"column":40}}],"line":97},"1":{"loc":{"start":{"line":101,"column":4},"end":{"line":106,"column":5}},"type":"if","locations":[{"start":{"line":101,"column":4},"end":{"line":106,"column":5}},{"start":{"line":104,"column":9},"end":{"line":106,"column":5}}],"line":101},"2":{"loc":{"start":{"line":117,"column":15},"end":{"line":117,"column":61}},"type":"cond-expr","locations":[{"start":{"line":117,"column":29},"end":{"line":117,"column":32}},{"start":{"line":117,"column":35},"end":{"line":117,"column":61}}],"line":117},"3":{"loc":{"start":{"line":132,"column":15},"end":{"line":134,"column":55}},"type":"cond-expr","locations":[{"start":{"line":133,"column":14},"end":{"line":133,"column":26}},{"start":{"line":134,"column":14},"end":{"line":134,"column":55}}],"line":132},"4":{"loc":{"start":{"line":148,"column":15},"end":{"line":150,"column":66}},"type":"cond-expr","locations":[{"start":{"line":149,"column":14},"end":{"line":149,"column":27}},{"start":{"line":150,"column":14},"end":{"line":150,"column":66}}],"line":148},"5":{"loc":{"start":{"line":177,"column":15},"end":{"line":179,"column":70}},"type":"cond-expr","locations":[{"start":{"line":178,"column":14},"end":{"line":178,"column":22}},{"start":{"line":179,"column":14},"end":{"line":179,"column":70}}],"line":177},"6":{"loc":{"start":{"line":194,"column":15},"end":{"line":196,"column":87}},"type":"cond-expr","locations":[{"start":{"line":195,"column":14},"end":{"line":195,"column":22}},{"start":{"line":196,"column":14},"end":{"line":196,"column":87}}],"line":194},"7":{"loc":{"start":{"line":210,"column":11},"end":{"line":214,"column":36}},"type":"cond-expr","locations":[{"start":{"line":211,"column":10},"end":{"line":211,"column":14}},{"start":{"line":212,"column":10},"end":{"line":214,"column":36}}],"line":210},"8":{"loc":{"start":{"line":212,"column":10},"end":{"line":214,"column":36}},"type":"cond-expr","locations":[{"start":{"line":213,"column":14},"end":{"line":213,"column":16}},{"start":{"line":214,"column":14},"end":{"line":214,"column":36}}],"line":212},"9":{"loc":{"start":{"line":229,"column":15},"end":{"line":233,"column":59}},"type":"cond-expr","locations":[{"start":{"line":230,"column":14},"end":{"line":230,"column":31}},{"start":{"line":231,"column":14},"end":{"line":233,"column":59}}],"line":229},"10":{"loc":{"start":{"line":231,"column":14},"end":{"line":233,"column":59}},"type":"cond-expr","locations":[{"start":{"line":232,"column":18},"end":{"line":232,"column":41}},{"start":{"line":233,"column":18},"end":{"line":233,"column":59}}],"line":231},"11":{"loc":{"start":{"line":250,"column":15},"end":{"line":254,"column":63}},"type":"cond-expr","locations":[{"start":{"line":251,"column":14},"end":{"line":251,"column":31}},{"start":{"line":252,"column":14},"end":{"line":254,"column":63}}],"line":250},"12":{"loc":{"start":{"line":252,"column":14},"end":{"line":254,"column":63}},"type":"cond-expr","locations":[{"start":{"line":253,"column":18},"end":{"line":253,"column":47}},{"start":{"line":254,"column":18},"end":{"line":254,"column":63}}],"line":252},"13":{"loc":{"start":{"line":269,"column":15},"end":{"line":273,"column":46}},"type":"cond-expr","locations":[{"start":{"line":270,"column":14},"end":{"line":270,"column":26}},{"start":{"line":271,"column":14},"end":{"line":273,"column":46}}],"line":269},"14":{"loc":{"start":{"line":271,"column":14},"end":{"line":273,"column":46}},"type":"cond-expr","locations":[{"start":{"line":272,"column":18},"end":{"line":272,"column":62}},{"start":{"line":273,"column":18},"end":{"line":273,"column":46}}],"line":271},"15":{"loc":{"start":{"line":285,"column":11},"end":{"line":285,"column":69}},"type":"cond-expr","locations":[{"start":{"line":285,"column":25},"end":{"line":285,"column":29}},{"start":{"line":285,"column":32},"end":{"line":285,"column":69}}],"line":285},"16":{"loc":{"start":{"line":285,"column":32},"end":{"line":285,"column":69}},"type":"binary-expr","locations":[{"start":{"line":285,"column":32},"end":{"line":285,"column":46}},{"start":{"line":285,"column":50},"end":{"line":285,"column":69}}],"line":285},"17":{"loc":{"start":{"line":298,"column":15},"end":{"line":300,"column":58}},"type":"cond-expr","locations":[{"start":{"line":299,"column":14},"end":{"line":299,"column":22}},{"start":{"line":300,"column":14},"end":{"line":300,"column":58}}],"line":298},"18":{"loc":{"start":{"line":314,"column":11},"end":{"line":318,"column":39}},"type":"cond-expr","locations":[{"start":{"line":315,"column":10},"end":{"line":315,"column":19}},{"start":{"line":316,"column":10},"end":{"line":318,"column":39}}],"line":314},"19":{"loc":{"start":{"line":316,"column":10},"end":{"line":318,"column":39}},"type":"cond-expr","locations":[{"start":{"line":317,"column":14},"end":{"line":317,"column":22}},{"start":{"line":318,"column":14},"end":{"line":318,"column":39}}],"line":316},"20":{"loc":{"start":{"line":335,"column":15},"end":{"line":337,"column":96}},"type":"cond-expr","locations":[{"start":{"line":336,"column":14},"end":{"line":336,"column":27}},{"start":{"line":337,"column":14},"end":{"line":337,"column":96}}],"line":335},"21":{"loc":{"start":{"line":355,"column":11},"end":{"line":357,"column":54}},"type":"cond-expr","locations":[{"start":{"line":356,"column":10},"end":{"line":356,"column":17}},{"start":{"line":357,"column":10},"end":{"line":357,"column":54}}],"line":355}},"s":{"0":1,"1":1,"2":1,"3":1,"4":1,"5":1,"6":1,"7":1,"8":1,"9":1,"10":1,"11":1,"12":1,"13":1,"14":1,"15":1,"16":1,"17":1,"18":1,"19":1,"20":1,"21":1,"22":1,"23":81,"24":79,"25":79,"26":0,"27":0,"28":0,"29":0,"30":0,"31":0,"32":0,"33":0,"34":0,"35":0,"36":0,"37":0,"38":0,"39":0,"40":0,"41":0,"42":0,"43":0,"44":0,"45":0,"46":0,"47":0,"48":0,"49":0,"50":0,"51":0,"52":0,"53":0,"54":0,"55":0,"56":0,"57":0,"58":0,"59":0,"60":0,"61":0,"62":0,"63":0,"64":0,"65":0,"66":0,"67":0,"68":0,"69":0,"70":0,"71":0,"72":0,"73":0,"74":0,"75":0,"76":0,"77":0,"78":0},"f":{"0":81,"1":79,"2":79,"3":0,"4":0,"5":0,"6":0,"7":0,"8":0,"9":0,"10":0,"11":0,"12":0,"13":0,"14":0,"15":0,"16":0,"17":0,"18":0,"19":0,"20":0,"21":0,"22":0,"23":0,"24":0,"25":0,"26":0,"27":0,"28":0,"29":0,"30":0,"31":0,"32":0,"33":0,"34":0,"35":0,"36":0,"37":0},"b":{"0":[0,0],"1":[0,0],"2":[0,0],"3":[0,0],"4":[0,0],"5":[0,0],"6":[0,0],"7":[0,0],"8":[0,0],"9":[0,0],"10":[0,0],"11":[0,0],"12":[0,0],"13":[0,0],"14":[0,0],"15":[0,0],"16":[0,0],"17":[0,0],"18":[0,0],"19":[0,0],"20":[0,0],"21":[0,0]},"inputSourceMap":null,"_coverageSchema":"1a1c01bbd47fc00a2c39e90264f33305004495a9","hash":"e74175e384355bcbad07bd29cd3dda41051049e7"}
,"C:\\Users\\hugos\\Documents\\git_tesst\\lib\\queue_array.js": {"path":"C:\\Users\\hugos\\Documents\\git_tesst\\lib\\queue_array.js","statementMap":{"0":{"start":{"line":2,"column":0},"end":{"line":2,"column":62}},"1":{"start":{"line":3,"column":0},"end":{"line":3,"column":22}},"2":{"start":{"line":4,"column":0},"end":{"line":4,"column":28}},"3":{"start":{"line":5,"column":0},"end":{"line":5,"column":26}},"4":{"start":{"line":6,"column":0},"end":{"line":6,"column":20}},"5":{"start":{"line":7,"column":0},"end":{"line":7,"column":26}},"6":{"start":{"line":8,"column":0},"end":{"line":8,"column":38}},"7":{"start":{"line":15,"column":4},"end":{"line":15,"column":22}},"8":{"start":{"line":24,"column":4},"end":{"line":24,"column":25}},"9":{"start":{"line":34,"column":21},"end":{"line":34,"column":25}},"10":{"start":{"line":35,"column":4},"end":{"line":35,"column":25}},"11":{"start":{"line":36,"column":4},"end":{"line":36,"column":26}},"12":{"start":{"line":46,"column":21},"end":{"line":46,"column":25}},"13":{"start":{"line":47,"column":4},"end":{"line":47,"column":28}},"14":{"start":{"line":57,"column":21},"end":{"line":57,"column":25}},"15":{"start":{"line":58,"column":4},"end":{"line":58,"column":26}},"16":{"start":{"line":66,"column":4},"end":{"line":66,"column":40}}},"fnMap":{"0":{"name":"empty","decl":{"start":{"line":14,"column":9},"end":{"line":14,"column":14}},"loc":{"start":{"line":14,"column":17},"end":{"line":16,"column":1}},"line":14},"1":{"name":"is_empty","decl":{"start":{"line":23,"column":9},"end":{"line":23,"column":17}},"loc":{"start":{"line":23,"column":21},"end":{"line":25,"column":1}},"line":23},"2":{"name":"enqueue","decl":{"start":{"line":33,"column":9},"end":{"line":33,"column":16}},"loc":{"start":{"line":33,"column":23},"end":{"line":37,"column":1}},"line":33},"3":{"name":"head","decl":{"start":{"line":45,"column":9},"end":{"line":45,"column":13}},"loc":{"start":{"line":45,"column":17},"end":{"line":48,"column":1}},"line":45},"4":{"name":"dequeue","decl":{"start":{"line":56,"column":9},"end":{"line":56,"column":16}},"loc":{"start":{"line":56,"column":20},"end":{"line":59,"column":1}},"line":56},"5":{"name":"display_queue","decl":{"start":{"line":65,"column":9},"end":{"line":65,"column":22}},"loc":{"start":{"line":65,"column":26},"end":{"line":67,"column":1}},"line":65}},"branchMap":{},"s":{"0":1,"1":1,"2":1,"3":1,"4":1,"5":1,"6":1,"7":0,"8":0,"9":0,"10":0,"11":0,"12":0,"13":0,"14":0,"15":0,"16":0},"f":{"0":0,"1":0,"2":0,"3":0,"4":0,"5":0},"b":{},"inputSourceMap":null,"_coverageSchema":"1a1c01bbd47fc00a2c39e90264f33305004495a9","hash":"b0534fdc3090338b6b6361e3e1d784da1a618d49"}
}
