TN:
SF:main.js
FN:15,display_map
FN:25,neighboring_tiles
FN:32,(anonymous_2)
FN:37,neighboring_tiles_including_roads
FN:51,merge_arrays
FN:69,count_total_points
FN:88,count_points_church
FN:101,count_points_house
FN:105,count_points_fortress
FN:109,getRandomInt
FN:113,create_building_queue
FN:120,spawn_barbarian
FN:135,is_protected_by_fortress
FN:145,spread_barbarian
FN:170,clear_adjacent_barbarians
FN:179,upgrade_to_fortress
FN:196,place
FN:222,main
FNF:18
FNH:2
FNDA:0,display_map
FNDA:0,neighboring_tiles
FNDA:0,(anonymous_2)
FNDA:0,neighboring_tiles_including_roads
FNDA:0,merge_arrays
FNDA:0,count_total_points
FNDA:0,count_points_church
FNDA:0,count_points_house
FNDA:0,count_points_fortress
FNDA:1,getRandomInt
FNDA:0,create_building_queue
FNDA:1,spawn_barbarian
FNDA:0,is_protected_by_fortress
FNDA:0,spread_barbarian
FNDA:0,clear_adjacent_barbarians
FNDA:0,upgrade_to_fortress
FNDA:0,place
FNDA:0,main
DA:2,1
DA:3,1
DA:4,1
DA:5,1
DA:6,1
DA:8,1
DA:9,1
DA:10,1
DA:11,1
DA:12,1
DA:13,1
DA:14,1
DA:16,0
DA:17,0
DA:18,0
DA:19,0
DA:21,0
DA:26,0
DA:27,0
DA:32,0
DA:34,0
DA:38,0
DA:39,0
DA:40,0
DA:41,0
DA:43,0
DA:44,0
DA:48,0
DA:52,0
DA:53,0
DA:54,0
DA:55,0
DA:56,0
DA:57,0
DA:61,0
DA:62,0
DA:63,0
DA:66,0
DA:70,0
DA:71,0
DA:72,0
DA:73,0
DA:74,0
DA:75,0
DA:77,0
DA:78,0
DA:80,0
DA:81,0
DA:86,0
DA:89,0
DA:90,0
DA:91,0
DA:92,0
DA:93,0
DA:94,0
DA:95,0
DA:98,0
DA:99,0
DA:102,0
DA:103,0
DA:106,0
DA:107,0
DA:110,1
DA:114,0
DA:115,0
DA:116,0
DA:118,0
DA:121,1
DA:122,1
DA:123,1
DA:124,1
DA:125,1
DA:129,1
DA:130,1
DA:131,1
DA:132,1
DA:136,0
DA:137,0
DA:138,0
DA:139,0
DA:140,0
DA:143,0
DA:146,0
DA:147,0
DA:148,0
DA:149,0
DA:150,0
DA:151,0
DA:152,0
DA:153,0
DA:154,0
DA:156,0
DA:162,0
DA:163,0
DA:164,0
DA:166,0
DA:167,0
DA:171,0
DA:172,0
DA:173,0
DA:174,0
DA:175,0
DA:180,0
DA:181,0
DA:182,0
DA:184,0
DA:185,0
DA:186,0
DA:187,0
DA:188,0
DA:191,0
DA:192,0
DA:197,0
DA:198,0
DA:199,0
DA:200,0
DA:201,0
DA:203,0
DA:204,0
DA:205,0
DA:208,0
DA:209,0
DA:212,0
DA:213,0
DA:214,0
DA:215,0
DA:218,0
DA:219,0
DA:223,0
DA:224,0
DA:225,0
DA:226,0
DA:227,0
DA:228,0
DA:229,0
DA:230,0
DA:231,0
DA:232,0
DA:233,0
DA:234,0
DA:235,0
DA:236,0
DA:237,0
DA:238,0
DA:239,0
DA:240,0
DA:241,0
DA:243,0
DA:244,0
DA:245,0
DA:246,0
DA:247,0
DA:248,0
DA:250,0
DA:251,0
DA:252,0
DA:253,0
DA:256,0
DA:259,0
DA:260,0
DA:261,0
DA:262,0
DA:263,0
DA:265,0
DA:266,0
DA:268,0
DA:269,0
DA:270,0
DA:271,0
DA:272,0
LF:170
LH:22
BRDA:28,0,0,0
BRDA:28,0,1,0
BRDA:29,1,0,0
BRDA:29,1,1,0
BRDA:30,2,0,0
BRDA:30,2,1,0
BRDA:31,3,0,0
BRDA:31,3,1,0
BRDA:41,4,0,0
BRDA:41,4,1,0
BRDA:41,5,0,0
BRDA:41,5,1,0
BRDA:56,6,0,0
BRDA:56,6,1,0
BRDA:62,7,0,0
BRDA:62,7,1,0
BRDA:74,8,0,0
BRDA:74,8,1,0
BRDA:77,9,0,0
BRDA:77,9,1,0
BRDA:80,10,0,0
BRDA:80,10,1,0
BRDA:94,11,0,0
BRDA:94,11,1,0
BRDA:94,12,0,0
BRDA:94,12,1,0
BRDA:124,13,0,1
BRDA:124,13,1,0
BRDA:129,14,0,1
BRDA:129,14,1,0
BRDA:139,15,0,0
BRDA:139,15,1,0
BRDA:149,16,0,0
BRDA:149,16,1,0
BRDA:151,17,0,0
BRDA:151,17,1,0
BRDA:154,18,0,0
BRDA:154,18,1,0
BRDA:154,19,0,0
BRDA:154,19,1,0
BRDA:154,19,2,0
BRDA:154,19,3,0
BRDA:166,20,0,0
BRDA:166,20,1,0
BRDA:174,21,0,0
BRDA:174,21,1,0
BRDA:180,22,0,0
BRDA:180,22,1,0
BRDA:184,23,0,0
BRDA:184,23,1,0
BRDA:197,24,0,0
BRDA:197,24,1,0
BRDA:198,25,0,0
BRDA:198,25,1,0
BRDA:203,26,0,0
BRDA:203,26,1,0
BRDA:212,27,0,0
BRDA:212,27,1,0
BRDA:239,28,0,0
BRDA:239,28,1,0
BRDA:239,29,0,0
BRDA:239,29,1,0
BRDA:243,30,0,0
BRDA:243,30,1,0
BRDA:246,31,0,0
BRDA:246,31,1,0
BRDA:246,32,0,0
BRDA:246,32,1,0
BRDA:246,32,2,0
BRDA:246,32,3,0
BRDA:246,32,4,0
BRDA:246,32,5,0
BRDA:251,33,0,0
BRDA:251,33,1,0
BRDA:261,34,0,0
BRDA:261,34,1,0
BRDA:261,35,0,0
BRDA:261,35,1,0
BRDA:261,35,2,0
BRDA:261,35,3,0
BRDA:261,35,4,0
BRDA:261,35,5,0
BRDA:265,36,0,0
BRDA:265,36,1,0
BRF:84
BRH:2
end_of_record
TN:
SF:maps.js
FN:9,create_map
FN:24,change_property
FN:27,change_biome
FN:30,get_property
FN:33,get_biome
FNF:5
FNH:3
FNDA:1,create_map
FNDA:1,change_property
FNDA:0,change_biome
FNDA:1,get_property
FNDA:0,get_biome
DA:2,1
DA:3,1
DA:4,1
DA:5,1
DA:6,1
DA:7,1
DA:8,1
DA:10,1
DA:11,1
DA:12,1
DA:13,1
DA:14,1
DA:15,0
DA:18,1
DA:22,1
DA:25,1
DA:28,0
DA:31,1
DA:34,0
LF:19
LH:16
BRDA:14,0,0,0
BRDA:14,0,1,1
BRF:2
BRH:1
end_of_record
TN:
SF:lib\list.js
FN:34,pair
FN:42,head
FN:50,tail
FN:58,is_null
FN:68,list
FN:85,empty_list
FN:94,to_string
FN:95,print
FN:115,length
FN:116,$length
FN:130,map
FN:131,$map
FN:146,build_list
FN:147,$build_list
FN:162,for_each
FN:175,reverse
FN:176,$reverse
FN:192,append
FN:193,$append
FN:196,(anonymous_19)
FN:198,(anonymous_20)
FN:209,member
FN:224,remove
FN:225,$remove
FN:245,remove_all
FN:246,$remove_all
FN:267,filter
FN:268,$filter
FN:284,all
FN:294,enum_list
FN:295,$enum_list
FN:313,list_ref
FN:333,accumulate
FN:334,$accumulate
FN:337,(anonymous_34)
FN:339,(anonymous_35)
FN:354,fold_left
FN:365,flatten
FNF:38
FNH:3
FNDA:3,pair
FNDA:2,head
FNDA:2,tail
FNDA:0,is_null
FNDA:0,list
FNDA:0,empty_list
FNDA:0,to_string
FNDA:0,print
FNDA:0,length
FNDA:0,$length
FNDA:0,map
FNDA:0,$map
FNDA:0,build_list
FNDA:0,$build_list
FNDA:0,for_each
FNDA:0,reverse
FNDA:0,$reverse
FNDA:0,append
FNDA:0,$append
FNDA:0,(anonymous_19)
FNDA:0,(anonymous_20)
FNDA:0,member
FNDA:0,remove
FNDA:0,$remove
FNDA:0,remove_all
FNDA:0,$remove_all
FNDA:0,filter
FNDA:0,$filter
FNDA:0,all
FNDA:0,enum_list
FNDA:0,$enum_list
FNDA:0,list_ref
FNDA:0,accumulate
FNDA:0,$accumulate
FNDA:0,(anonymous_34)
FNDA:0,(anonymous_35)
FNDA:0,fold_left
FNDA:0,flatten
DA:3,1
DA:4,1
DA:5,1
DA:6,1
DA:7,1
DA:8,1
DA:9,1
DA:10,1
DA:11,1
DA:12,1
DA:13,1
DA:14,1
DA:15,1
DA:16,1
DA:17,1
DA:18,1
DA:19,1
DA:20,1
DA:21,1
DA:22,1
DA:23,1
DA:24,1
DA:25,1
DA:35,3
DA:43,2
DA:51,2
DA:59,0
DA:69,0
DA:70,0
DA:71,0
DA:73,0
DA:74,0
DA:75,0
DA:77,0
DA:86,0
DA:96,0
DA:97,0
DA:101,0
DA:102,0
DA:105,0
DA:117,0
DA:119,0
DA:132,0
DA:136,0
DA:148,0
DA:152,0
DA:163,0
DA:164,0
DA:165,0
DA:177,0
DA:181,0
DA:194,0
DA:196,0
DA:198,0
DA:210,0
DA:227,0
DA:228,0
DA:229,0
DA:235,0
DA:248,0
DA:249,0
DA:250,0
DA:256,0
DA:269,0
DA:275,0
DA:285,0
DA:297,0
DA:298,0
DA:302,0
DA:314,0
DA:335,0
DA:337,0
DA:339,0
DA:355,0
DA:366,0
LF:75
LH:26
BRDA:97,0,0,0
BRDA:97,0,1,0
BRDA:101,1,0,0
BRDA:101,1,1,0
BRDA:117,2,0,0
BRDA:117,2,1,0
BRDA:132,3,0,0
BRDA:132,3,1,0
BRDA:148,4,0,0
BRDA:148,4,1,0
BRDA:177,5,0,0
BRDA:177,5,1,0
BRDA:194,6,0,0
BRDA:194,6,1,0
BRDA:210,7,0,0
BRDA:210,7,1,0
BRDA:212,8,0,0
BRDA:212,8,1,0
BRDA:229,9,0,0
BRDA:229,9,1,0
BRDA:231,10,0,0
BRDA:231,10,1,0
BRDA:250,11,0,0
BRDA:250,11,1,0
BRDA:252,12,0,0
BRDA:252,12,1,0
BRDA:269,13,0,0
BRDA:269,13,1,0
BRDA:271,14,0,0
BRDA:271,14,1,0
BRDA:285,15,0,0
BRDA:285,15,1,0
BRDA:285,16,0,0
BRDA:285,16,1,0
BRDA:298,17,0,0
BRDA:298,17,1,0
BRDA:314,18,0,0
BRDA:314,18,1,0
BRDA:316,19,0,0
BRDA:316,19,1,0
BRDA:335,20,0,0
BRDA:335,20,1,0
BRDA:355,21,0,0
BRDA:355,21,1,0
BRF:44
BRH:0
end_of_record
TN:
SF:lib\queue_array.js
FN:14,empty
FN:23,is_empty
FN:33,enqueue
FN:45,head
FN:56,dequeue
FN:65,display_queue
FNF:6
FNH:0
FNDA:0,empty
FNDA:0,is_empty
FNDA:0,enqueue
FNDA:0,head
FNDA:0,dequeue
FNDA:0,display_queue
DA:2,1
DA:3,1
DA:4,1
DA:5,1
DA:6,1
DA:7,1
DA:8,1
DA:15,0
DA:24,0
DA:34,0
DA:35,0
DA:36,0
DA:46,0
DA:47,0
DA:57,0
DA:58,0
DA:66,0
LF:17
LH:7
BRF:0
BRH:0
end_of_record
