TN:
SF:main.js
FN:18,display_map
FN:34,neighboring_tiles
FN:41,(anonymous_2)
FN:51,neighboring_tiles_including_roads
FN:65,merge_arrays
FN:88,count_total_points
FN:108,count_points_church
FN:121,count_points_house
FN:125,count_points_fortress
FN:129,getRandomInt
FN:137,create_building_queue
FN:148,spawn_barbarian
FN:170,is_protected_by_fortress
FN:186,spread_barbarian
FN:218,upgrade_to_fortress
FN:224,clear_adjacent_barbarians
FN:253,place
FN:282,main
FNF:18
FNH:13
FNDA:0,display_map
FNDA:5,neighboring_tiles
FNDA:20,(anonymous_2)
FNDA:2,neighboring_tiles_including_roads
FNDA:1,merge_arrays
FNDA:1,count_total_points
FNDA:1,count_points_church
FNDA:1,count_points_house
FNDA:0,count_points_fortress
FNDA:1,getRandomInt
FNDA:0,create_building_queue
FNDA:1,spawn_barbarian
FNDA:1,is_protected_by_fortress
FNDA:0,spread_barbarian
FNDA:4,upgrade_to_fortress
FNDA:2,clear_adjacent_barbarians
FNDA:4,place
FNDA:0,main
DA:2,1
DA:3,1
DA:4,1
DA:5,1
DA:6,1
DA:7,1
DA:8,1
DA:10,1
DA:11,1
DA:12,1
DA:13,1
DA:14,1
DA:15,1
DA:16,1
DA:19,0
DA:20,0
DA:21,0
DA:22,0
DA:24,0
DA:35,5
DA:36,5
DA:41,20
DA:42,5
DA:52,2
DA:54,2
DA:55,2
DA:56,12
DA:58,1
DA:59,1
DA:62,2
DA:66,1
DA:67,1
DA:68,1
DA:69,4
DA:70,16
DA:71,0
DA:75,1
DA:76,4
DA:77,4
DA:80,1
DA:89,1
DA:90,1
DA:91,4
DA:92,16
DA:93,16
DA:94,1
DA:96,15
DA:97,1
DA:99,14
DA:100,0
DA:105,1
DA:109,1
DA:110,1
DA:111,1
DA:112,1
DA:113,8
DA:114,8
DA:115,1
DA:118,1
DA:119,1
DA:122,1
DA:123,1
DA:126,0
DA:127,0
DA:130,1
DA:138,0
DA:139,0
DA:140,0
DA:142,0
DA:149,1
DA:150,1
DA:151,1
DA:152,1
DA:153,1
DA:157,1
DA:158,1
DA:159,1
DA:160,1
DA:171,1
DA:172,1
DA:173,2
DA:174,2
DA:175,1
DA:178,0
DA:187,0
DA:188,0
DA:189,0
DA:190,0
DA:191,0
DA:192,0
DA:193,0
DA:194,0
DA:195,0
DA:197,0
DA:203,0
DA:204,0
DA:205,0
DA:207,0
DA:208,0
DA:219,4
DA:220,1
DA:221,1
DA:225,2
DA:226,2
DA:227,4
DA:228,4
DA:229,1
DA:233,3
DA:234,2
DA:235,2
DA:236,2
DA:237,2
DA:240,1
DA:241,1
DA:254,4
DA:255,1
DA:256,1
DA:257,1
DA:258,1
DA:260,0
DA:261,0
DA:262,0
DA:265,0
DA:266,0
DA:269,3
DA:270,3
DA:271,3
DA:272,3
DA:275,0
DA:276,0
DA:283,0
DA:284,0
DA:285,0
DA:286,0
DA:287,0
DA:288,0
DA:289,0
DA:290,0
DA:291,0
DA:292,0
DA:293,0
DA:294,0
DA:295,0
DA:297,0
DA:298,0
DA:300,0
DA:301,0
DA:302,0
DA:303,0
DA:304,0
DA:307,0
DA:308,0
DA:309,0
DA:310,0
DA:311,0
DA:312,0
DA:313,0
DA:314,0
DA:315,0
DA:316,0
DA:317,0
DA:318,0
DA:319,0
DA:321,0
DA:322,0
DA:323,0
DA:324,0
DA:325,0
DA:326,0
DA:328,0
DA:329,0
DA:330,0
DA:331,0
DA:334,0
DA:337,0
DA:338,0
DA:339,0
DA:340,0
DA:341,0
DA:343,0
DA:344,0
DA:346,0
DA:347,0
DA:348,0
DA:349,0
DA:350,0
LF:186
LH:94
BRDA:37,0,0,5
BRDA:37,0,1,0
BRDA:38,1,0,3
BRDA:38,1,1,2
BRDA:39,2,0,5
BRDA:39,2,1,0
BRDA:40,3,0,2
BRDA:40,3,1,3
BRDA:56,4,0,1
BRDA:56,4,1,11
BRDA:56,5,0,12
BRDA:56,5,1,1
BRDA:70,6,0,0
BRDA:70,6,1,16
BRDA:76,7,0,4
BRDA:76,7,1,0
BRDA:93,8,0,1
BRDA:93,8,1,15
BRDA:96,9,0,1
BRDA:96,9,1,14
BRDA:99,10,0,0
BRDA:99,10,1,14
BRDA:114,11,0,1
BRDA:114,11,1,7
BRDA:114,12,0,8
BRDA:114,12,1,7
BRDA:152,13,0,1
BRDA:152,13,1,0
BRDA:157,14,0,1
BRDA:157,14,1,0
BRDA:174,15,0,1
BRDA:174,15,1,1
BRDA:190,16,0,0
BRDA:190,16,1,0
BRDA:192,17,0,0
BRDA:192,17,1,0
BRDA:195,18,0,0
BRDA:195,18,1,0
BRDA:195,19,0,0
BRDA:195,19,1,0
BRDA:195,19,2,0
BRDA:195,19,3,0
BRDA:207,20,0,0
BRDA:207,20,1,0
BRDA:219,21,0,1
BRDA:219,21,1,3
BRDA:228,22,0,1
BRDA:228,22,1,3
BRDA:233,23,0,2
BRDA:233,23,1,1
BRDA:254,24,0,1
BRDA:254,24,1,3
BRDA:255,25,0,1
BRDA:255,25,1,0
BRDA:260,26,0,0
BRDA:260,26,1,0
BRDA:269,27,0,3
BRDA:269,27,1,0
BRDA:293,28,0,0
BRDA:293,28,1,0
BRDA:293,29,0,0
BRDA:293,29,1,0
BRDA:297,30,0,0
BRDA:297,30,1,0
BRDA:300,31,0,0
BRDA:300,31,1,0
BRDA:317,32,0,0
BRDA:317,32,1,0
BRDA:317,33,0,0
BRDA:317,33,1,0
BRDA:321,34,0,0
BRDA:321,34,1,0
BRDA:324,35,0,0
BRDA:324,35,1,0
BRDA:324,36,0,0
BRDA:324,36,1,0
BRDA:324,36,2,0
BRDA:324,36,3,0
BRDA:324,36,4,0
BRDA:324,36,5,0
BRDA:329,37,0,0
BRDA:329,37,1,0
BRDA:339,38,0,0
BRDA:339,38,1,0
BRDA:339,39,0,0
BRDA:339,39,1,0
BRDA:339,39,2,0
BRDA:339,39,3,0
BRDA:339,39,4,0
BRDA:339,39,5,0
BRDA:343,40,0,0
BRDA:343,40,1,0
BRF:92
BRH:35
end_of_record
TN:
SF:maps.js
FN:16,create_map
FN:32,change_property
FN:36,change_biome
FN:40,get_property
FN:44,get_biome
FNF:5
FNH:3
FNDA:8,create_map
FNDA:21,change_property
FNDA:0,change_biome
FNDA:58,get_property
FNDA:0,get_biome
DA:2,1
DA:3,1
DA:4,1
DA:5,1
DA:6,1
DA:7,1
DA:8,1
DA:17,8
DA:18,8
DA:19,16
DA:20,16
DA:21,42
DA:22,3
DA:25,39
DA:29,8
DA:33,21
DA:37,0
DA:41,58
DA:45,0
LF:19
LH:17
BRDA:21,0,0,3
BRDA:21,0,1,39
BRF:2
BRH:2
end_of_record
TN:
SF:lib\list.js
FN:34,pair
FN:42,head
FN:50,tail
FN:58,is_null
FN:68,list
FN:85,empty_list
FN:94,to_string
FN:95,print
FN:115,length
FN:116,$length
FN:130,map
FN:131,$map
FN:146,build_list
FN:147,$build_list
FN:162,for_each
FN:175,reverse
FN:176,$reverse
FN:192,append
FN:193,$append
FN:196,(anonymous_19)
FN:198,(anonymous_20)
FN:209,member
FN:224,remove
FN:225,$remove
FN:245,remove_all
FN:246,$remove_all
FN:267,filter
FN:268,$filter
FN:284,all
FN:294,enum_list
FN:295,$enum_list
FN:313,list_ref
FN:333,accumulate
FN:334,$accumulate
FN:337,(anonymous_34)
FN:339,(anonymous_35)
FN:354,fold_left
FN:365,flatten
FNF:38
FNH:3
FNDA:81,pair
FNDA:79,head
FNDA:79,tail
FNDA:0,is_null
FNDA:0,list
FNDA:0,empty_list
FNDA:0,to_string
FNDA:0,print
FNDA:0,length
FNDA:0,$length
FNDA:0,map
FNDA:0,$map
FNDA:0,build_list
FNDA:0,$build_list
FNDA:0,for_each
FNDA:0,reverse
FNDA:0,$reverse
FNDA:0,append
FNDA:0,$append
FNDA:0,(anonymous_19)
FNDA:0,(anonymous_20)
FNDA:0,member
FNDA:0,remove
FNDA:0,$remove
FNDA:0,remove_all
FNDA:0,$remove_all
FNDA:0,filter
FNDA:0,$filter
FNDA:0,all
FNDA:0,enum_list
FNDA:0,$enum_list
FNDA:0,list_ref
FNDA:0,accumulate
FNDA:0,$accumulate
FNDA:0,(anonymous_34)
FNDA:0,(anonymous_35)
FNDA:0,fold_left
FNDA:0,flatten
DA:3,1
DA:4,1
DA:5,1
DA:6,1
DA:7,1
DA:8,1
DA:9,1
DA:10,1
DA:11,1
DA:12,1
DA:13,1
DA:14,1
DA:15,1
DA:16,1
DA:17,1
DA:18,1
DA:19,1
DA:20,1
DA:21,1
DA:22,1
DA:23,1
DA:24,1
DA:25,1
DA:35,81
DA:43,79
DA:51,79
DA:59,0
DA:69,0
DA:70,0
DA:71,0
DA:73,0
DA:74,0
DA:75,0
DA:77,0
DA:86,0
DA:96,0
DA:97,0
DA:101,0
DA:102,0
DA:105,0
DA:117,0
DA:119,0
DA:132,0
DA:136,0
DA:148,0
DA:152,0
DA:163,0
DA:164,0
DA:165,0
DA:177,0
DA:181,0
DA:194,0
DA:196,0
DA:198,0
DA:210,0
DA:227,0
DA:228,0
DA:229,0
DA:235,0
DA:248,0
DA:249,0
DA:250,0
DA:256,0
DA:269,0
DA:275,0
DA:285,0
DA:297,0
DA:298,0
DA:302,0
DA:314,0
DA:335,0
DA:337,0
DA:339,0
DA:355,0
DA:366,0
LF:75
LH:26
BRDA:97,0,0,0
BRDA:97,0,1,0
BRDA:101,1,0,0
BRDA:101,1,1,0
BRDA:117,2,0,0
BRDA:117,2,1,0
BRDA:132,3,0,0
BRDA:132,3,1,0
BRDA:148,4,0,0
BRDA:148,4,1,0
BRDA:177,5,0,0
BRDA:177,5,1,0
BRDA:194,6,0,0
BRDA:194,6,1,0
BRDA:210,7,0,0
BRDA:210,7,1,0
BRDA:212,8,0,0
BRDA:212,8,1,0
BRDA:229,9,0,0
BRDA:229,9,1,0
BRDA:231,10,0,0
BRDA:231,10,1,0
BRDA:250,11,0,0
BRDA:250,11,1,0
BRDA:252,12,0,0
BRDA:252,12,1,0
BRDA:269,13,0,0
BRDA:269,13,1,0
BRDA:271,14,0,0
BRDA:271,14,1,0
BRDA:285,15,0,0
BRDA:285,15,1,0
BRDA:285,16,0,0
BRDA:285,16,1,0
BRDA:298,17,0,0
BRDA:298,17,1,0
BRDA:314,18,0,0
BRDA:314,18,1,0
BRDA:316,19,0,0
BRDA:316,19,1,0
BRDA:335,20,0,0
BRDA:335,20,1,0
BRDA:355,21,0,0
BRDA:355,21,1,0
BRF:44
BRH:0
end_of_record
TN:
SF:lib\queue_array.js
FN:14,empty
FN:23,is_empty
FN:33,enqueue
FN:45,head
FN:56,dequeue
FN:65,display_queue
FNF:6
FNH:0
FNDA:0,empty
FNDA:0,is_empty
FNDA:0,enqueue
FNDA:0,head
FNDA:0,dequeue
FNDA:0,display_queue
DA:2,1
DA:3,1
DA:4,1
DA:5,1
DA:6,1
DA:7,1
DA:8,1
DA:15,0
DA:24,0
DA:34,0
DA:35,0
DA:36,0
DA:46,0
DA:47,0
DA:57,0
DA:58,0
DA:66,0
LF:17
LH:7
BRF:0
BRH:0
end_of_record
